{"/media/plyue/662C8A672C8A31DB6/package/npm/TempRedisTools/src/Limiter/FineGrainedRateLimiter.ts": {"path":"/media/plyue/662C8A672C8A31DB6/package/npm/TempRedisTools/src/Limiter/FineGrainedRateLimiter.ts","statementMap":{"0":{"start":{"line":1,"column":0},"end":{"line":1,"column":53}},"1":{"start":{"line":2,"column":0},"end":{"line":2,"column":52}},"2":{"start":{"line":17,"column":4},"end":{"line":17,"column":75}},"3":{"start":{"line":18,"column":4},"end":{"line":18,"column":35}},"4":{"start":{"line":19,"column":4},"end":{"line":19,"column":55}},"5":{"start":{"line":19,"column":36},"end":{"line":19,"column":53}},"6":{"start":{"line":20,"column":4},"end":{"line":20,"column":56}},"7":{"start":{"line":26,"column":4},"end":{"line":26,"column":36}},"8":{"start":{"line":34,"column":4},"end":{"line":34,"column":37}},"9":{"start":{"line":35,"column":19},"end":{"line":35,"column":41}},"10":{"start":{"line":36,"column":16},"end":{"line":36,"column":42}},"11":{"start":{"line":37,"column":17},"end":{"line":37,"column":60}},"12":{"start":{"line":38,"column":4},"end":{"line":38,"column":19}},"13":{"start":{"line":41,"column":38},"end":{"line":41,"column":40}},"14":{"start":{"line":42,"column":4},"end":{"line":47,"column":7}},"15":{"start":{"line":43,"column":6},"end":{"line":46,"column":8}},"16":{"start":{"line":49,"column":4},"end":{"line":49,"column":45}},"17":{"start":{"line":59,"column":4},"end":{"line":76,"column":5}},"18":{"start":{"line":60,"column":18},"end":{"line":60,"column":38}},"19":{"start":{"line":61,"column":21},"end":{"line":61,"column":51}},"20":{"start":{"line":63,"column":6},"end":{"line":75,"column":7}},"21":{"start":{"line":64,"column":8},"end":{"line":74,"column":9}},"22":{"start":{"line":65,"column":10},"end":{"line":65,"column":33}},"23":{"start":{"line":66,"column":10},"end":{"line":73,"column":11}},"24":{"start":{"line":67,"column":24},"end":{"line":67,"column":87}},"25":{"start":{"line":68,"column":12},"end":{"line":68,"column":68}},"26":{"start":{"line":69,"column":12},"end":{"line":72,"column":14}},"27":{"start":{"line":77,"column":4},"end":{"line":79,"column":6}},"28":{"start":{"line":86,"column":19},"end":{"line":86,"column":41}},"29":{"start":{"line":87,"column":4},"end":{"line":95,"column":5}},"30":{"start":{"line":88,"column":26},"end":{"line":88,"column":53}},"31":{"start":{"line":89,"column":6},"end":{"line":89,"column":67}},"32":{"start":{"line":90,"column":6},"end":{"line":94,"column":8}},"33":{"start":{"line":7,"column":0},"end":{"line":7,"column":13}}},"fnMap":{"0":{"name":"(anonymous_0)","decl":{"start":{"line":16,"column":2},"end":{"line":16,"column":14}},"loc":{"start":{"line":16,"column":70},"end":{"line":21,"column":3}}},"1":{"name":"(anonymous_1)","decl":{"start":{"line":19,"column":26},"end":{"line":19,"column":27}},"loc":{"start":{"line":19,"column":36},"end":{"line":19,"column":53}}},"2":{"name":"(anonymous_2)","decl":{"start":{"line":22,"column":2},"end":{"line":22,"column":7}},"loc":{"start":{"line":24,"column":45},"end":{"line":27,"column":3}}},"3":{"name":"(anonymous_3)","decl":{"start":{"line":33,"column":2},"end":{"line":33,"column":7}},"loc":{"start":{"line":33,"column":33},"end":{"line":50,"column":3}}},"4":{"name":"(anonymous_4)","decl":{"start":{"line":42,"column":29},"end":{"line":42,"column":30}},"loc":{"start":{"line":42,"column":35},"end":{"line":47,"column":5}}},"5":{"name":"(anonymous_5)","decl":{"start":{"line":58,"column":2},"end":{"line":58,"column":14}},"loc":{"start":{"line":58,"column":56},"end":{"line":80,"column":3}}},"6":{"name":"(anonymous_6)","decl":{"start":{"line":85,"column":2},"end":{"line":85,"column":7}},"loc":{"start":{"line":85,"column":36},"end":{"line":96,"column":3}}}},"branchMap":{"0":{"loc":{"start":{"line":24,"column":4},"end":{"line":24,"column":45}},"type":"default-arg","locations":[{"start":{"line":24,"column":24},"end":{"line":24,"column":45}}]},"1":{"loc":{"start":{"line":64,"column":8},"end":{"line":74,"column":9}},"type":"if","locations":[{"start":{"line":64,"column":8},"end":{"line":74,"column":9}}]},"2":{"loc":{"start":{"line":66,"column":10},"end":{"line":73,"column":11}},"type":"if","locations":[{"start":{"line":66,"column":10},"end":{"line":73,"column":11}}]},"3":{"loc":{"start":{"line":87,"column":4},"end":{"line":95,"column":5}},"type":"if","locations":[{"start":{"line":87,"column":4},"end":{"line":95,"column":5}}]}},"s":{"0":1,"1":1,"2":4,"3":4,"4":4,"5":4,"6":4,"7":1,"8":2,"9":2,"10":2,"11":2,"12":2,"13":2,"14":2,"15":4,"16":2,"17":2,"18":9,"19":9,"20":9,"21":9,"22":0,"23":0,"24":0,"25":0,"26":0,"27":2,"28":3,"29":3,"30":1,"31":1,"32":1,"33":1},"f":{"0":4,"1":4,"2":1,"3":2,"4":4,"5":2,"6":3},"b":{"0":[1],"1":[0],"2":[0],"3":[1]}}
,"/media/plyue/662C8A672C8A31DB6/package/npm/TempRedisTools/src/Limiter/FixedWindowRateLimiter.ts": {"path":"/media/plyue/662C8A672C8A31DB6/package/npm/TempRedisTools/src/Limiter/FixedWindowRateLimiter.ts","statementMap":{"0":{"start":{"line":1,"column":0},"end":{"line":1,"column":56}},"1":{"start":{"line":22,"column":6},"end":{"line":22,"column":77}},"2":{"start":{"line":23,"column":6},"end":{"line":23,"column":35}},"3":{"start":{"line":24,"column":6},"end":{"line":24,"column":25}},"4":{"start":{"line":37,"column":27},"end":{"line":37,"column":69}},"5":{"start":{"line":38,"column":6},"end":{"line":41,"column":7}},"6":{"start":{"line":40,"column":8},"end":{"line":40,"column":70}},"7":{"start":{"line":42,"column":19},"end":{"line":42,"column":38}},"8":{"start":{"line":43,"column":6},"end":{"line":48,"column":7}},"9":{"start":{"line":45,"column":8},"end":{"line":47,"column":10}},"10":{"start":{"line":49,"column":6},"end":{"line":51,"column":8}},"11":{"start":{"line":7,"column":0},"end":{"line":7,"column":13}}},"fnMap":{"0":{"name":"(anonymous_0)","decl":{"start":{"line":17,"column":4},"end":{"line":17,"column":null}},"loc":{"start":{"line":20,"column":24},"end":{"line":25,"column":5}}},"1":{"name":"(anonymous_1)","decl":{"start":{"line":33,"column":4},"end":{"line":33,"column":9}},"loc":{"start":{"line":35,"column":20},"end":{"line":52,"column":5}}}},"branchMap":{"0":{"loc":{"start":{"line":19,"column":6},"end":{"line":19,"column":29}},"type":"default-arg","locations":[{"start":{"line":19,"column":27},"end":{"line":19,"column":29}}]},"1":{"loc":{"start":{"line":20,"column":6},"end":{"line":20,"column":24}},"type":"default-arg","locations":[{"start":{"line":20,"column":22},"end":{"line":20,"column":24}}]},"2":{"loc":{"start":{"line":38,"column":6},"end":{"line":41,"column":7}},"type":"if","locations":[{"start":{"line":38,"column":6},"end":{"line":41,"column":7}}]},"3":{"loc":{"start":{"line":42,"column":19},"end":{"line":42,"column":38}},"type":"binary-expr","locations":[{"start":{"line":42,"column":19},"end":{"line":42,"column":24}},{"start":{"line":42,"column":28},"end":{"line":42,"column":38}}]},"4":{"loc":{"start":{"line":43,"column":6},"end":{"line":48,"column":7}},"type":"if","locations":[{"start":{"line":43,"column":6},"end":{"line":48,"column":7}}]}},"s":{"0":1,"1":7,"2":7,"3":7,"4":5,"5":5,"6":2,"7":5,"8":5,"9":2,"10":3,"11":1},"f":{"0":7,"1":5},"b":{"0":[6],"1":[6],"2":[2],"3":[5,4],"4":[2]}}
,"/media/plyue/662C8A672C8A31DB6/package/npm/TempRedisTools/src/Limiter/LeakyBucketRateLimiter.ts": {"path":"/media/plyue/662C8A672C8A31DB6/package/npm/TempRedisTools/src/Limiter/LeakyBucketRateLimiter.ts","statementMap":{"0":{"start":{"line":1,"column":0},"end":{"line":1,"column":56}},"1":{"start":{"line":10,"column":4},"end":{"line":10,"column":75}},"2":{"start":{"line":11,"column":4},"end":{"line":11,"column":29}},"3":{"start":{"line":12,"column":4},"end":{"line":12,"column":29}},"4":{"start":{"line":16,"column":18},"end":{"line":16,"column":63}},"5":{"start":{"line":17,"column":4},"end":{"line":20,"column":6}},"6":{"start":{"line":24,"column":4},"end":{"line":24,"column":118}},"7":{"start":{"line":28,"column":18},"end":{"line":28,"column":48}},"8":{"start":{"line":29,"column":24},"end":{"line":29,"column":34}},"9":{"start":{"line":30,"column":24},"end":{"line":30,"column":65}},"10":{"start":{"line":31,"column":25},"end":{"line":31,"column":77}},"11":{"start":{"line":32,"column":22},"end":{"line":32,"column":62}},"12":{"start":{"line":33,"column":4},"end":{"line":33,"column":59}},"13":{"start":{"line":37,"column":4},"end":{"line":37,"column":31}},"14":{"start":{"line":38,"column":18},"end":{"line":38,"column":48}},"15":{"start":{"line":39,"column":4},"end":{"line":44,"column":5}},"16":{"start":{"line":40,"column":6},"end":{"line":40,"column":75}},"17":{"start":{"line":41,"column":6},"end":{"line":41,"column":31}},"18":{"start":{"line":43,"column":6},"end":{"line":43,"column":30}},"19":{"start":{"line":5,"column":0},"end":{"line":5,"column":13}}},"fnMap":{"0":{"name":"(anonymous_0)","decl":{"start":{"line":9,"column":2},"end":{"line":9,"column":14}},"loc":{"start":{"line":9,"column":85},"end":{"line":13,"column":3}}},"1":{"name":"(anonymous_1)","decl":{"start":{"line":15,"column":2},"end":{"line":15,"column":7}},"loc":{"start":{"line":15,"column":34},"end":{"line":21,"column":3}}},"2":{"name":"(anonymous_2)","decl":{"start":{"line":23,"column":2},"end":{"line":23,"column":7}},"loc":{"start":{"line":23,"column":72},"end":{"line":25,"column":3}}},"3":{"name":"(anonymous_3)","decl":{"start":{"line":27,"column":2},"end":{"line":27,"column":7}},"loc":{"start":{"line":27,"column":30},"end":{"line":34,"column":3}}},"4":{"name":"(anonymous_4)","decl":{"start":{"line":36,"column":2},"end":{"line":36,"column":7}},"loc":{"start":{"line":36,"column":33},"end":{"line":45,"column":3}}}},"branchMap":{"0":{"loc":{"start":{"line":9,"column":40},"end":{"line":9,"column":62}},"type":"default-arg","locations":[{"start":{"line":9,"column":59},"end":{"line":9,"column":62}}]},"1":{"loc":{"start":{"line":9,"column":64},"end":{"line":9,"column":85}},"type":"default-arg","locations":[{"start":{"line":9,"column":83},"end":{"line":9,"column":85}}]},"2":{"loc":{"start":{"line":18,"column":14},"end":{"line":18,"column":55}},"type":"cond-expr","locations":[{"start":{"line":18,"column":29},"end":{"line":18,"column":51}},{"start":{"line":18,"column":54},"end":{"line":18,"column":55}}]},"3":{"loc":{"start":{"line":19,"column":20},"end":{"line":19,"column":82}},"type":"cond-expr","locations":[{"start":{"line":19,"column":41},"end":{"line":19,"column":69}},{"start":{"line":19,"column":72},"end":{"line":19,"column":82}}]},"4":{"loc":{"start":{"line":39,"column":4},"end":{"line":44,"column":5}},"type":"if","locations":[{"start":{"line":39,"column":4},"end":{"line":44,"column":5}},{"start":{"line":42,"column":11},"end":{"line":44,"column":5}}]}},"s":{"0":1,"1":9,"2":9,"3":9,"4":7,"5":7,"6":5,"7":3,"8":3,"9":3,"10":3,"11":3,"12":3,"13":2,"14":2,"15":2,"16":1,"17":1,"18":1,"19":1},"f":{"0":9,"1":7,"2":5,"3":3,"4":2},"b":{"0":[8],"1":[8],"2":[6,1],"3":[6,1],"4":[1,1]}}
,"/media/plyue/662C8A672C8A31DB6/package/npm/TempRedisTools/src/Limiter/SlidingWindowRateLimiter.ts": {"path":"/media/plyue/662C8A672C8A31DB6/package/npm/TempRedisTools/src/Limiter/SlidingWindowRateLimiter.ts","statementMap":{"0":{"start":{"line":1,"column":0},"end":{"line":1,"column":62}},"1":{"start":{"line":27,"column":4},"end":{"line":27,"column":75}},"2":{"start":{"line":28,"column":4},"end":{"line":28,"column":33}},"3":{"start":{"line":29,"column":4},"end":{"line":29,"column":23}},"4":{"start":{"line":30,"column":4},"end":{"line":30,"column":35}},"5":{"start":{"line":31,"column":4},"end":{"line":31,"column":43}},"6":{"start":{"line":35,"column":6},"end":{"line":37,"column":22}},"7":{"start":{"line":39,"column":19},"end":{"line":42,"column":null}},"8":{"start":{"line":44,"column":4},"end":{"line":46,"column":5}},"9":{"start":{"line":45,"column":6},"end":{"line":45,"column":58}},"10":{"start":{"line":49,"column":4},"end":{"line":49,"column":64}},"11":{"start":{"line":66,"column":24},"end":{"line":66,"column":34}},"12":{"start":{"line":67,"column":4},"end":{"line":67,"column":55}},"13":{"start":{"line":68,"column":18},"end":{"line":71,"column":null}},"14":{"start":{"line":73,"column":17},"end":{"line":73,"column":36}},"15":{"start":{"line":74,"column":4},"end":{"line":80,"column":5}},"16":{"start":{"line":76,"column":6},"end":{"line":79,"column":8}},"17":{"start":{"line":81,"column":4},"end":{"line":85,"column":6}},"18":{"start":{"line":7,"column":0},"end":{"line":7,"column":13}}},"fnMap":{"0":{"name":"(anonymous_0)","decl":{"start":{"line":20,"column":2},"end":{"line":20,"column":null}},"loc":{"start":{"line":25,"column":32},"end":{"line":32,"column":3}}},"1":{"name":"(anonymous_1)","decl":{"start":{"line":33,"column":2},"end":{"line":33,"column":7}},"loc":{"start":{"line":33,"column":62},"end":{"line":47,"column":3}}},"2":{"name":"(anonymous_2)","decl":{"start":{"line":48,"column":2},"end":{"line":48,"column":7}},"loc":{"start":{"line":48,"column":52},"end":{"line":50,"column":3}}},"3":{"name":"(anonymous_3)","decl":{"start":{"line":57,"column":2},"end":{"line":57,"column":7}},"loc":{"start":{"line":59,"column":18},"end":{"line":86,"column":3}}}},"branchMap":{"0":{"loc":{"start":{"line":22,"column":4},"end":{"line":22,"column":27}},"type":"default-arg","locations":[{"start":{"line":22,"column":25},"end":{"line":22,"column":27}}]},"1":{"loc":{"start":{"line":23,"column":4},"end":{"line":23,"column":22}},"type":"default-arg","locations":[{"start":{"line":23,"column":20},"end":{"line":23,"column":22}}]},"2":{"loc":{"start":{"line":24,"column":4},"end":{"line":24,"column":31}},"type":"default-arg","locations":[{"start":{"line":24,"column":18},"end":{"line":24,"column":31}}]},"3":{"loc":{"start":{"line":25,"column":4},"end":{"line":25,"column":32}},"type":"default-arg","locations":[{"start":{"line":25,"column":30},"end":{"line":25,"column":32}}]},"4":{"loc":{"start":{"line":44,"column":4},"end":{"line":46,"column":5}},"type":"if","locations":[{"start":{"line":44,"column":4},"end":{"line":46,"column":5}}]},"5":{"loc":{"start":{"line":48,"column":26},"end":{"line":48,"column":52}},"type":"default-arg","locations":[{"start":{"line":48,"column":42},"end":{"line":48,"column":52}}]},"6":{"loc":{"start":{"line":73,"column":17},"end":{"line":73,"column":36}},"type":"binary-expr","locations":[{"start":{"line":73,"column":17},"end":{"line":73,"column":22}},{"start":{"line":73,"column":26},"end":{"line":73,"column":36}}]},"7":{"loc":{"start":{"line":74,"column":4},"end":{"line":80,"column":5}},"type":"if","locations":[{"start":{"line":74,"column":4},"end":{"line":80,"column":5}}]}},"s":{"0":1,"1":7,"2":7,"3":7,"4":7,"5":7,"6":4,"7":4,"8":4,"9":4,"10":0,"11":3,"12":3,"13":3,"14":3,"15":3,"16":2,"17":1,"18":1},"f":{"0":7,"1":4,"2":0,"3":3},"b":{"0":[6],"1":[6],"2":[6],"3":[6],"4":[4],"5":[0],"6":[3,2],"7":[2]}}
,"/media/plyue/662C8A672C8A31DB6/package/npm/TempRedisTools/src/Limiter/TokenBucketRateLimiter.ts": {"path":"/media/plyue/662C8A672C8A31DB6/package/npm/TempRedisTools/src/Limiter/TokenBucketRateLimiter.ts","statementMap":{"0":{"start":{"line":1,"column":0},"end":{"line":1,"column":56}},"1":{"start":{"line":13,"column":4},"end":{"line":13,"column":75}},"2":{"start":{"line":14,"column":4},"end":{"line":14,"column":31}},"3":{"start":{"line":15,"column":4},"end":{"line":15,"column":33}},"4":{"start":{"line":19,"column":19},"end":{"line":19,"column":60}},"5":{"start":{"line":20,"column":4},"end":{"line":20,"column":54}},"6":{"start":{"line":24,"column":4},"end":{"line":24,"column":65}},"7":{"start":{"line":28,"column":24},"end":{"line":28,"column":34}},"8":{"start":{"line":29,"column":24},"end":{"line":29,"column":61}},"9":{"start":{"line":30,"column":22},"end":{"line":32,"column":null}},"10":{"start":{"line":34,"column":4},"end":{"line":34,"column":41}},"11":{"start":{"line":38,"column":19},"end":{"line":38,"column":44}},"12":{"start":{"line":39,"column":4},"end":{"line":44,"column":5}},"13":{"start":{"line":40,"column":6},"end":{"line":40,"column":44}},"14":{"start":{"line":41,"column":6},"end":{"line":41,"column":31}},"15":{"start":{"line":43,"column":6},"end":{"line":43,"column":30}},"16":{"start":{"line":4,"column":0},"end":{"line":4,"column":13}}},"fnMap":{"0":{"name":"(anonymous_0)","decl":{"start":{"line":8,"column":2},"end":{"line":8,"column":null}},"loc":{"start":{"line":11,"column":27},"end":{"line":16,"column":3}}},"1":{"name":"(anonymous_1)","decl":{"start":{"line":18,"column":2},"end":{"line":18,"column":7}},"loc":{"start":{"line":18,"column":29},"end":{"line":21,"column":3}}},"2":{"name":"(anonymous_2)","decl":{"start":{"line":23,"column":2},"end":{"line":23,"column":7}},"loc":{"start":{"line":23,"column":45},"end":{"line":25,"column":3}}},"3":{"name":"(anonymous_3)","decl":{"start":{"line":27,"column":2},"end":{"line":27,"column":7}},"loc":{"start":{"line":27,"column":56},"end":{"line":35,"column":3}}},"4":{"name":"(anonymous_4)","decl":{"start":{"line":37,"column":2},"end":{"line":37,"column":7}},"loc":{"start":{"line":37,"column":33},"end":{"line":45,"column":3}}}},"branchMap":{"0":{"loc":{"start":{"line":10,"column":4},"end":{"line":10,"column":27}},"type":"default-arg","locations":[{"start":{"line":10,"column":24},"end":{"line":10,"column":27}}]},"1":{"loc":{"start":{"line":11,"column":4},"end":{"line":11,"column":27}},"type":"default-arg","locations":[{"start":{"line":11,"column":25},"end":{"line":11,"column":27}}]},"2":{"loc":{"start":{"line":20,"column":11},"end":{"line":20,"column":53}},"type":"cond-expr","locations":[{"start":{"line":20,"column":20},"end":{"line":20,"column":36}},{"start":{"line":20,"column":39},"end":{"line":20,"column":53}}]},"3":{"loc":{"start":{"line":39,"column":4},"end":{"line":44,"column":5}},"type":"if","locations":[{"start":{"line":39,"column":4},"end":{"line":44,"column":5}},{"start":{"line":42,"column":11},"end":{"line":44,"column":5}}]}},"s":{"0":1,"1":9,"2":9,"3":9,"4":4,"5":4,"6":3,"7":1,"8":1,"9":1,"10":1,"11":2,"12":2,"13":1,"14":1,"15":1,"16":1},"f":{"0":9,"1":4,"2":3,"3":1,"4":2},"b":{"0":[8],"1":[8],"2":[3,1],"3":[1,1]}}
,"/media/plyue/662C8A672C8A31DB6/package/npm/TempRedisTools/src/Lock/RedisLock.ts": {"path":"/media/plyue/662C8A672C8A31DB6/package/npm/TempRedisTools/src/Lock/RedisLock.ts","statementMap":{"0":{"start":{"line":16,"column":4},"end":{"line":16,"column":25}},"1":{"start":{"line":17,"column":4},"end":{"line":17,"column":27}},"2":{"start":{"line":18,"column":4},"end":{"line":18,"column":57}},"3":{"start":{"line":19,"column":4},"end":{"line":19,"column":19}},"4":{"start":{"line":32,"column":18},"end":{"line":32,"column":19}},"5":{"start":{"line":34,"column":4},"end":{"line":48,"column":5}},"6":{"start":{"line":35,"column":21},"end":{"line":40,"column":null}},"7":{"start":{"line":42,"column":6},"end":{"line":44,"column":7}},"8":{"start":{"line":43,"column":8},"end":{"line":43,"column":20}},"9":{"start":{"line":46,"column":6},"end":{"line":46,"column":16}},"10":{"start":{"line":47,"column":6},"end":{"line":47,"column":35}},"11":{"start":{"line":50,"column":4},"end":{"line":50,"column":17}},"12":{"start":{"line":59,"column":19},"end":{"line":65,"column":6}},"13":{"start":{"line":68,"column":19},"end":{"line":72,"column":null}},"14":{"start":{"line":74,"column":4},"end":{"line":74,"column":24}},"15":{"start":{"line":83,"column":4},"end":{"line":83,"column":61}},"16":{"start":{"line":83,"column":36},"end":{"line":83,"column":59}},"17":{"start":{"line":87,"column":0},"end":{"line":87,"column":25}}},"fnMap":{"0":{"name":"(anonymous_0)","decl":{"start":{"line":15,"column":2},"end":{"line":15,"column":14}},"loc":{"start":{"line":15,"column":65},"end":{"line":20,"column":3}}},"1":{"name":"(anonymous_1)","decl":{"start":{"line":28,"column":2},"end":{"line":28,"column":7}},"loc":{"start":{"line":30,"column":27},"end":{"line":51,"column":3}}},"2":{"name":"(anonymous_2)","decl":{"start":{"line":57,"column":2},"end":{"line":57,"column":7}},"loc":{"start":{"line":57,"column":15},"end":{"line":75,"column":3}}},"3":{"name":"(anonymous_3)","decl":{"start":{"line":82,"column":10},"end":{"line":82,"column":15}},"loc":{"start":{"line":82,"column":26},"end":{"line":84,"column":3}}},"4":{"name":"(anonymous_4)","decl":{"start":{"line":83,"column":23},"end":{"line":83,"column":24}},"loc":{"start":{"line":83,"column":36},"end":{"line":83,"column":59}}}},"branchMap":{"0":{"loc":{"start":{"line":15,"column":46},"end":{"line":15,"column":65}},"type":"default-arg","locations":[{"start":{"line":15,"column":60},"end":{"line":15,"column":65}}]},"1":{"loc":{"start":{"line":29,"column":4},"end":{"line":29,"column":28}},"type":"default-arg","locations":[{"start":{"line":29,"column":25},"end":{"line":29,"column":28}}]},"2":{"loc":{"start":{"line":30,"column":4},"end":{"line":30,"column":27}},"type":"default-arg","locations":[{"start":{"line":30,"column":25},"end":{"line":30,"column":27}}]},"3":{"loc":{"start":{"line":34,"column":11},"end":{"line":34,"column":49}},"type":"binary-expr","locations":[{"start":{"line":34,"column":11},"end":{"line":34,"column":25}},{"start":{"line":34,"column":29},"end":{"line":34,"column":49}}]},"4":{"loc":{"start":{"line":42,"column":6},"end":{"line":44,"column":7}},"type":"if","locations":[{"start":{"line":42,"column":6},"end":{"line":44,"column":7}}]}},"s":{"0":4,"1":4,"2":4,"3":4,"4":2,"5":2,"6":4,"7":4,"8":1,"9":3,"10":3,"11":1,"12":2,"13":2,"14":2,"15":3,"16":3,"17":1},"f":{"0":4,"1":2,"2":2,"3":3,"4":3},"b":{"0":[4],"1":[1],"2":[1],"3":[5,5],"4":[1]}}
,"/media/plyue/662C8A672C8A31DB6/package/npm/TempRedisTools/src/Ranking/CompositeLeaderboard.ts": {"path":"/media/plyue/662C8A672C8A31DB6/package/npm/TempRedisTools/src/Ranking/CompositeLeaderboard.ts","statementMap":{"0":{"start":{"line":2,"column":0},"end":{"line":2,"column":44}},"1":{"start":{"line":3,"column":0},"end":{"line":3,"column":46}},"2":{"start":{"line":20,"column":4},"end":{"line":20,"column":23}},"3":{"start":{"line":21,"column":4},"end":{"line":21,"column":27}},"4":{"start":{"line":22,"column":4},"end":{"line":22,"column":28}},"5":{"start":{"line":23,"column":4},"end":{"line":23,"column":37}},"6":{"start":{"line":33,"column":4},"end":{"line":33,"column":34}},"7":{"start":{"line":43,"column":16},"end":{"line":43,"column":55}},"8":{"start":{"line":44,"column":4},"end":{"line":46,"column":5}},"9":{"start":{"line":45,"column":6},"end":{"line":45,"column":64}},"10":{"start":{"line":47,"column":4},"end":{"line":47,"column":34}},"11":{"start":{"line":57,"column":4},"end":{"line":57,"column":34}},"12":{"start":{"line":67,"column":16},"end":{"line":67,"column":56}},"13":{"start":{"line":68,"column":4},"end":{"line":70,"column":5}},"14":{"start":{"line":69,"column":6},"end":{"line":69,"column":66}},"15":{"start":{"line":71,"column":4},"end":{"line":71,"column":35}},"16":{"start":{"line":81,"column":24},"end":{"line":81,"column":68}},"17":{"start":{"line":82,"column":4},"end":{"line":82,"column":45}},"18":{"start":{"line":92,"column":25},"end":{"line":92,"column":70}},"19":{"start":{"line":93,"column":4},"end":{"line":93,"column":48}},"20":{"start":{"line":106,"column":24},"end":{"line":106,"column":68}},"21":{"start":{"line":107,"column":25},"end":{"line":107,"column":70}},"22":{"start":{"line":109,"column":21},"end":{"line":109,"column":58}},"23":{"start":{"line":110,"column":23},"end":{"line":110,"column":59}},"24":{"start":{"line":113,"column":22},"end":{"line":113,"column":42}},"25":{"start":{"line":114,"column":24},"end":{"line":114,"column":39}},"26":{"start":{"line":117,"column":27},"end":{"line":117,"column":62}},"27":{"start":{"line":118,"column":4},"end":{"line":118,"column":65}},"28":{"start":{"line":131,"column":24},"end":{"line":131,"column":68}},"29":{"start":{"line":132,"column":21},"end":{"line":132,"column":53}},"30":{"start":{"line":134,"column":28},"end":{"line":145,"column":null}},"31":{"start":{"line":136,"column":23},"end":{"line":139,"column":31}},"32":{"start":{"line":140,"column":28},"end":{"line":140,"column":39}},"33":{"start":{"line":141,"column":8},"end":{"line":144,"column":10}},"34":{"start":{"line":148,"column":4},"end":{"line":148,"column":54}},"35":{"start":{"line":148,"column":35},"end":{"line":148,"column":52}},"36":{"start":{"line":149,"column":4},"end":{"line":149,"column":27}},"37":{"start":{"line":8,"column":0},"end":{"line":8,"column":13}}},"fnMap":{"0":{"name":"(anonymous_0)","decl":{"start":{"line":19,"column":2},"end":{"line":19,"column":14}},"loc":{"start":{"line":19,"column":54},"end":{"line":24,"column":3}}},"1":{"name":"(anonymous_1)","decl":{"start":{"line":32,"column":10},"end":{"line":32,"column":27}},"loc":{"start":{"line":32,"column":59},"end":{"line":34,"column":3}}},"2":{"name":"(anonymous_2)","decl":{"start":{"line":42,"column":10},"end":{"line":42,"column":24}},"loc":{"start":{"line":42,"column":56},"end":{"line":48,"column":3}}},"3":{"name":"(anonymous_3)","decl":{"start":{"line":56,"column":10},"end":{"line":56,"column":28}},"loc":{"start":{"line":56,"column":60},"end":{"line":58,"column":3}}},"4":{"name":"(anonymous_4)","decl":{"start":{"line":66,"column":10},"end":{"line":66,"column":25}},"loc":{"start":{"line":66,"column":57},"end":{"line":72,"column":3}}},"5":{"name":"(anonymous_5)","decl":{"start":{"line":80,"column":2},"end":{"line":80,"column":7}},"loc":{"start":{"line":80,"column":60},"end":{"line":83,"column":3}}},"6":{"name":"(anonymous_6)","decl":{"start":{"line":91,"column":2},"end":{"line":91,"column":7}},"loc":{"start":{"line":91,"column":61},"end":{"line":94,"column":3}}},"7":{"name":"(anonymous_7)","decl":{"start":{"line":102,"column":2},"end":{"line":102,"column":7}},"loc":{"start":{"line":104,"column":16},"end":{"line":119,"column":3}}},"8":{"name":"(anonymous_8)","decl":{"start":{"line":127,"column":2},"end":{"line":127,"column":7}},"loc":{"start":{"line":129,"column":16},"end":{"line":150,"column":3}}},"9":{"name":"(anonymous_9)","decl":{"start":{"line":135,"column":19},"end":{"line":135,"column":24}},"loc":{"start":{"line":135,"column":34},"end":{"line":145,"column":7}}},"10":{"name":"(anonymous_10)","decl":{"start":{"line":148,"column":25},"end":{"line":148,"column":26}},"loc":{"start":{"line":148,"column":35},"end":{"line":148,"column":52}}}},"branchMap":{"0":{"loc":{"start":{"line":44,"column":4},"end":{"line":46,"column":5}},"type":"if","locations":[{"start":{"line":44,"column":4},"end":{"line":46,"column":5}}]},"1":{"loc":{"start":{"line":68,"column":4},"end":{"line":70,"column":5}},"type":"if","locations":[{"start":{"line":68,"column":4},"end":{"line":70,"column":5}}]},"2":{"loc":{"start":{"line":113,"column":22},"end":{"line":113,"column":42}},"type":"binary-expr","locations":[{"start":{"line":113,"column":22},"end":{"line":113,"column":37}},{"start":{"line":113,"column":41},"end":{"line":113,"column":42}}]},"3":{"loc":{"start":{"line":114,"column":24},"end":{"line":114,"column":39}},"type":"binary-expr","locations":[{"start":{"line":114,"column":24},"end":{"line":114,"column":34}},{"start":{"line":114,"column":38},"end":{"line":114,"column":39}}]},"4":{"loc":{"start":{"line":118,"column":19},"end":{"line":118,"column":39}},"type":"binary-expr","locations":[{"start":{"line":118,"column":19},"end":{"line":118,"column":33}},{"start":{"line":118,"column":37},"end":{"line":118,"column":39}}]},"5":{"loc":{"start":{"line":140,"column":28},"end":{"line":140,"column":39}},"type":"binary-expr","locations":[{"start":{"line":140,"column":28},"end":{"line":140,"column":34}},{"start":{"line":140,"column":38},"end":{"line":140,"column":39}}]}},"s":{"0":1,"1":1,"2":4,"3":4,"4":4,"5":4,"6":3,"7":3,"8":3,"9":3,"10":3,"11":4,"12":4,"13":4,"14":3,"15":4,"16":1,"17":1,"18":1,"19":1,"20":1,"21":1,"22":1,"23":1,"24":1,"25":1,"26":1,"27":1,"28":1,"29":1,"30":1,"31":2,"32":2,"33":2,"34":1,"35":1,"36":1,"37":1},"f":{"0":4,"1":3,"2":3,"3":4,"4":4,"5":1,"6":1,"7":1,"8":1,"9":2,"10":1},"b":{"0":[3],"1":[3],"2":[1,0],"3":[1,0],"4":[1,0],"5":[2,0]}}
,"/media/plyue/662C8A672C8A31DB6/package/npm/TempRedisTools/src/Ranking/Leaderboard.ts": {"path":"/media/plyue/662C8A672C8A31DB6/package/npm/TempRedisTools/src/Ranking/Leaderboard.ts","statementMap":{"0":{"start":{"line":2,"column":0},"end":{"line":2,"column":62}},"1":{"start":{"line":14,"column":4},"end":{"line":14,"column":23}},"2":{"start":{"line":15,"column":4},"end":{"line":19,"column":6}},"3":{"start":{"line":28,"column":4},"end":{"line":28,"column":46}},"4":{"start":{"line":36,"column":4},"end":{"line":36,"column":42}},"5":{"start":{"line":45,"column":17},"end":{"line":47,"column":null}},"6":{"start":{"line":49,"column":18},"end":{"line":49,"column":54}},"7":{"start":{"line":50,"column":4},"end":{"line":50,"column":27}},"8":{"start":{"line":59,"column":4},"end":{"line":59,"column":60}},"9":{"start":{"line":68,"column":4},"end":{"line":68,"column":54}},"10":{"start":{"line":4,"column":0},"end":{"line":4,"column":13}}},"fnMap":{"0":{"name":"(anonymous_0)","decl":{"start":{"line":13,"column":2},"end":{"line":13,"column":14}},"loc":{"start":{"line":13,"column":56},"end":{"line":20,"column":3}}},"1":{"name":"(anonymous_1)","decl":{"start":{"line":27,"column":2},"end":{"line":27,"column":7}},"loc":{"start":{"line":27,"column":45},"end":{"line":29,"column":3}}},"2":{"name":"(anonymous_2)","decl":{"start":{"line":35,"column":2},"end":{"line":35,"column":7}},"loc":{"start":{"line":35,"column":33},"end":{"line":37,"column":3}}},"3":{"name":"(anonymous_3)","decl":{"start":{"line":44,"column":2},"end":{"line":44,"column":7}},"loc":{"start":{"line":44,"column":34},"end":{"line":51,"column":3}}},"4":{"name":"(anonymous_4)","decl":{"start":{"line":58,"column":2},"end":{"line":58,"column":7}},"loc":{"start":{"line":58,"column":29},"end":{"line":60,"column":3}}},"5":{"name":"(anonymous_5)","decl":{"start":{"line":67,"column":2},"end":{"line":67,"column":7}},"loc":{"start":{"line":67,"column":49},"end":{"line":69,"column":3}}}},"branchMap":{},"s":{"0":2,"1":5,"2":5,"3":1,"4":1,"5":1,"6":1,"7":1,"8":1,"9":1,"10":2},"f":{"0":5,"1":1,"2":1,"3":1,"4":1,"5":1},"b":{}}
,"/media/plyue/662C8A672C8A31DB6/package/npm/TempRedisTools/src/Ranking/RatingSystem.ts": {"path":"/media/plyue/662C8A672C8A31DB6/package/npm/TempRedisTools/src/Ranking/RatingSystem.ts","statementMap":{"0":{"start":{"line":2,"column":0},"end":{"line":2,"column":62}},"1":{"start":{"line":14,"column":4},"end":{"line":14,"column":23}},"2":{"start":{"line":15,"column":4},"end":{"line":19,"column":6}},"3":{"start":{"line":28,"column":4},"end":{"line":28,"column":49}},"4":{"start":{"line":37,"column":4},"end":{"line":37,"column":43}},"5":{"start":{"line":46,"column":17},"end":{"line":46,"column":75}},"6":{"start":{"line":47,"column":4},"end":{"line":47,"column":16}},"7":{"start":{"line":56,"column":4},"end":{"line":56,"column":49}},"8":{"start":{"line":4,"column":0},"end":{"line":4,"column":13}}},"fnMap":{"0":{"name":"(anonymous_0)","decl":{"start":{"line":13,"column":2},"end":{"line":13,"column":14}},"loc":{"start":{"line":13,"column":51},"end":{"line":20,"column":3}}},"1":{"name":"(anonymous_1)","decl":{"start":{"line":27,"column":2},"end":{"line":27,"column":7}},"loc":{"start":{"line":27,"column":47},"end":{"line":29,"column":3}}},"2":{"name":"(anonymous_2)","decl":{"start":{"line":36,"column":2},"end":{"line":36,"column":7}},"loc":{"start":{"line":36,"column":32},"end":{"line":38,"column":3}}},"3":{"name":"(anonymous_3)","decl":{"start":{"line":45,"column":2},"end":{"line":45,"column":7}},"loc":{"start":{"line":45,"column":36},"end":{"line":48,"column":3}}},"4":{"name":"(anonymous_4)","decl":{"start":{"line":55,"column":2},"end":{"line":55,"column":7}},"loc":{"start":{"line":55,"column":50},"end":{"line":57,"column":3}}}},"branchMap":{},"s":{"0":2,"1":4,"2":4,"3":1,"4":1,"5":1,"6":1,"7":1,"8":2},"f":{"0":4,"1":1,"2":1,"3":1,"4":1},"b":{}}
,"/media/plyue/662C8A672C8A31DB6/package/npm/TempRedisTools/src/RedisMonitor/RedisMonitor.ts": {"path":"/media/plyue/662C8A672C8A31DB6/package/npm/TempRedisTools/src/RedisMonitor/RedisMonitor.ts","statementMap":{"0":{"start":{"line":5,"column":10},"end":{"line":5,"column":51}},"1":{"start":{"line":8,"column":4},"end":{"line":8,"column":29}},"2":{"start":{"line":17,"column":4},"end":{"line":20,"column":5}},"3":{"start":{"line":18,"column":6},"end":{"line":18,"column":53}},"4":{"start":{"line":19,"column":6},"end":{"line":19,"column":13}},"5":{"start":{"line":22,"column":4},"end":{"line":29,"column":17}},"6":{"start":{"line":23,"column":6},"end":{"line":28,"column":7}},"7":{"start":{"line":24,"column":21},"end":{"line":24,"column":44}},"8":{"start":{"line":25,"column":8},"end":{"line":25,"column":23}},"9":{"start":{"line":27,"column":8},"end":{"line":27,"column":59}},"10":{"start":{"line":36,"column":4},"end":{"line":41,"column":5}},"11":{"start":{"line":37,"column":6},"end":{"line":37,"column":37}},"12":{"start":{"line":38,"column":6},"end":{"line":38,"column":29}},"13":{"start":{"line":40,"column":6},"end":{"line":40,"column":49}},"14":{"start":{"line":3,"column":0},"end":{"line":3,"column":13}}},"fnMap":{"0":{"name":"(anonymous_0)","decl":{"start":{"line":7,"column":2},"end":{"line":7,"column":14}},"loc":{"start":{"line":7,"column":32},"end":{"line":9,"column":3}}},"1":{"name":"(anonymous_1)","decl":{"start":{"line":16,"column":2},"end":{"line":16,"column":17}},"loc":{"start":{"line":16,"column":68},"end":{"line":30,"column":3}}},"2":{"name":"(anonymous_2)","decl":{"start":{"line":22,"column":34},"end":{"line":22,"column":39}},"loc":{"start":{"line":22,"column":45},"end":{"line":29,"column":5}}},"3":{"name":"(anonymous_3)","decl":{"start":{"line":35,"column":2},"end":{"line":35,"column":16}},"loc":{"start":{"line":35,"column":16},"end":{"line":42,"column":3}}}},"branchMap":{"0":{"loc":{"start":{"line":17,"column":4},"end":{"line":20,"column":5}},"type":"if","locations":[{"start":{"line":17,"column":4},"end":{"line":20,"column":5}}]},"1":{"loc":{"start":{"line":36,"column":4},"end":{"line":41,"column":5}},"type":"if","locations":[{"start":{"line":36,"column":4},"end":{"line":41,"column":5}},{"start":{"line":39,"column":11},"end":{"line":41,"column":5}}]}},"s":{"0":5,"1":5,"2":5,"3":1,"4":1,"5":4,"6":2,"7":2,"8":1,"9":1,"10":2,"11":1,"12":1,"13":1,"14":1},"f":{"0":5,"1":5,"2":2,"3":2},"b":{"0":[1],"1":[1,1]}}
,"/media/plyue/662C8A672C8A31DB6/package/npm/TempRedisTools/src/Redisearch/ArticlePlagiarismDetector.ts": {"path":"/media/plyue/662C8A672C8A31DB6/package/npm/TempRedisTools/src/Redisearch/ArticlePlagiarismDetector.ts","statementMap":{"0":{"start":{"line":1,"column":0},"end":{"line":1,"column":54}},"1":{"start":{"line":2,"column":0},"end":{"line":2,"column":36}},"2":{"start":{"line":20,"column":4},"end":{"line":20,"column":55}},"3":{"start":{"line":21,"column":4},"end":{"line":21,"column":15}},"4":{"start":{"line":22,"column":4},"end":{"line":22,"column":31}},"5":{"start":{"line":23,"column":4},"end":{"line":23,"column":29}},"6":{"start":{"line":24,"column":4},"end":{"line":24,"column":44}},"7":{"start":{"line":28,"column":4},"end":{"line":28,"column":37}},"8":{"start":{"line":32,"column":4},"end":{"line":32,"column":34}},"9":{"start":{"line":41,"column":24},"end":{"line":41,"column":41}},"10":{"start":{"line":42,"column":4},"end":{"line":44,"column":5}},"11":{"start":{"line":42,"column":17},"end":{"line":42,"column":18}},"12":{"start":{"line":43,"column":6},"end":{"line":43,"column":49}},"13":{"start":{"line":45,"column":4},"end":{"line":45,"column":35}},"14":{"start":{"line":54,"column":29},"end":{"line":54,"column":31}},"15":{"start":{"line":55,"column":4},"end":{"line":60,"column":5}},"16":{"start":{"line":55,"column":17},"end":{"line":55,"column":18}},"17":{"start":{"line":56,"column":19},"end":{"line":58,"column":22}},"18":{"start":{"line":59,"column":6},"end":{"line":59,"column":38}},"19":{"start":{"line":61,"column":4},"end":{"line":61,"column":18}},"20":{"start":{"line":70,"column":22},"end":{"line":70,"column":58}},"21":{"start":{"line":71,"column":4},"end":{"line":78,"column":5}},"22":{"start":{"line":72,"column":21},"end":{"line":72,"column":46}},"23":{"start":{"line":73,"column":6},"end":{"line":77,"column":7}},"24":{"start":{"line":73,"column":19},"end":{"line":73,"column":20}},"25":{"start":{"line":74,"column":8},"end":{"line":76,"column":9}},"26":{"start":{"line":75,"column":10},"end":{"line":75,"column":35}},"27":{"start":{"line":79,"column":4},"end":{"line":79,"column":21}},"28":{"start":{"line":93,"column":4},"end":{"line":97,"column":5}},"29":{"start":{"line":94,"column":6},"end":{"line":96,"column":8}},"30":{"start":{"line":98,"column":4},"end":{"line":108,"column":5}},"31":{"start":{"line":98,"column":17},"end":{"line":98,"column":18}},"32":{"start":{"line":99,"column":19},"end":{"line":101,"column":null}},"33":{"start":{"line":103,"column":22},"end":{"line":103,"column":62}},"34":{"start":{"line":104,"column":6},"end":{"line":107,"column":8}},"35":{"start":{"line":121,"column":23},"end":{"line":121,"column":40}},"36":{"start":{"line":122,"column":4},"end":{"line":130,"column":5}},"37":{"start":{"line":122,"column":17},"end":{"line":122,"column":18}},"38":{"start":{"line":123,"column":19},"end":{"line":125,"column":null}},"39":{"start":{"line":127,"column":22},"end":{"line":127,"column":62}},"40":{"start":{"line":128,"column":29},"end":{"line":128,"column":69}},"41":{"start":{"line":129,"column":6},"end":{"line":129,"column":79}},"42":{"start":{"line":129,"column":52},"end":{"line":129,"column":77}},"43":{"start":{"line":131,"column":19},"end":{"line":148,"column":48}},"44":{"start":{"line":133,"column":8},"end":{"line":146,"column":9}},"45":{"start":{"line":134,"column":34},"end":{"line":134,"column":55}},"46":{"start":{"line":135,"column":10},"end":{"line":141,"column":11}},"47":{"start":{"line":140,"column":12},"end":{"line":140,"column":24}},"48":{"start":{"line":142,"column":10},"end":{"line":142,"column":33}},"49":{"start":{"line":144,"column":10},"end":{"line":144,"column":68}},"50":{"start":{"line":145,"column":10},"end":{"line":145,"column":22}},"51":{"start":{"line":148,"column":29},"end":{"line":148,"column":47}},"52":{"start":{"line":150,"column":4},"end":{"line":150,"column":18}},"53":{"start":{"line":163,"column":4},"end":{"line":165,"column":5}},"54":{"start":{"line":164,"column":6},"end":{"line":164,"column":64}},"55":{"start":{"line":166,"column":4},"end":{"line":168,"column":5}},"56":{"start":{"line":167,"column":6},"end":{"line":167,"column":63}},"57":{"start":{"line":170,"column":23},"end":{"line":170,"column":24}},"58":{"start":{"line":171,"column":4},"end":{"line":175,"column":5}},"59":{"start":{"line":171,"column":17},"end":{"line":171,"column":18}},"60":{"start":{"line":172,"column":6},"end":{"line":174,"column":7}},"61":{"start":{"line":173,"column":8},"end":{"line":173,"column":23}},"62":{"start":{"line":176,"column":4},"end":{"line":176,"column":44}},"63":{"start":{"line":189,"column":21},"end":{"line":189,"column":40}},"64":{"start":{"line":190,"column":22},"end":{"line":190,"column":53}},"65":{"start":{"line":193,"column":23},"end":{"line":195,"column":null}},"66":{"start":{"line":199,"column":4},"end":{"line":211,"column":7}},"67":{"start":{"line":200,"column":6},"end":{"line":206,"column":7}},"68":{"start":{"line":204,"column":8},"end":{"line":204,"column":65}},"69":{"start":{"line":205,"column":8},"end":{"line":205,"column":65}},"70":{"start":{"line":207,"column":6},"end":{"line":210,"column":8}},"71":{"start":{"line":221,"column":21},"end":{"line":221,"column":40}},"72":{"start":{"line":222,"column":22},"end":{"line":222,"column":53}},"73":{"start":{"line":225,"column":4},"end":{"line":225,"column":69}},"74":{"start":{"line":7,"column":0},"end":{"line":7,"column":13}}},"fnMap":{"0":{"name":"(anonymous_0)","decl":{"start":{"line":14,"column":2},"end":{"line":14,"column":null}},"loc":{"start":{"line":18,"column":20},"end":{"line":25,"column":3}}},"1":{"name":"(anonymous_1)","decl":{"start":{"line":27,"column":2},"end":{"line":27,"column":7}},"loc":{"start":{"line":27,"column":15},"end":{"line":29,"column":3}}},"2":{"name":"(anonymous_2)","decl":{"start":{"line":31,"column":2},"end":{"line":31,"column":7}},"loc":{"start":{"line":31,"column":18},"end":{"line":33,"column":3}}},"3":{"name":"(anonymous_3)","decl":{"start":{"line":40,"column":10},"end":{"line":40,"column":18}},"loc":{"start":{"line":40,"column":31},"end":{"line":46,"column":3}}},"4":{"name":"(anonymous_4)","decl":{"start":{"line":53,"column":10},"end":{"line":53,"column":21}},"loc":{"start":{"line":53,"column":37},"end":{"line":62,"column":3}}},"5":{"name":"(anonymous_5)","decl":{"start":{"line":69,"column":10},"end":{"line":69,"column":26}},"loc":{"start":{"line":69,"column":45},"end":{"line":80,"column":3}}},"6":{"name":"(anonymous_6)","decl":{"start":{"line":88,"column":10},"end":{"line":88,"column":15}},"loc":{"start":{"line":91,"column":23},"end":{"line":109,"column":3}}},"7":{"name":"(anonymous_7)","decl":{"start":{"line":117,"column":10},"end":{"line":117,"column":15}},"loc":{"start":{"line":119,"column":23},"end":{"line":151,"column":3}}},"8":{"name":"(anonymous_8)","decl":{"start":{"line":129,"column":29},"end":{"line":129,"column":30}},"loc":{"start":{"line":129,"column":52},"end":{"line":129,"column":77}}},"9":{"name":"(anonymous_9)","decl":{"start":{"line":132,"column":11},"end":{"line":132,"column":12}},"loc":{"start":{"line":132,"column":25},"end":{"line":147,"column":7}}},"10":{"name":"(anonymous_10)","decl":{"start":{"line":148,"column":14},"end":{"line":148,"column":15}},"loc":{"start":{"line":148,"column":29},"end":{"line":148,"column":47}}},"11":{"name":"(anonymous_11)","decl":{"start":{"line":159,"column":10},"end":{"line":159,"column":27}},"loc":{"start":{"line":161,"column":24},"end":{"line":177,"column":3}}},"12":{"name":"(anonymous_12)","decl":{"start":{"line":185,"column":2},"end":{"line":185,"column":7}},"loc":{"start":{"line":187,"column":16},"end":{"line":212,"column":3}}},"13":{"name":"(anonymous_13)","decl":{"start":{"line":199,"column":26},"end":{"line":199,"column":27}},"loc":{"start":{"line":199,"column":40},"end":{"line":211,"column":5}}},"14":{"name":"(anonymous_14)","decl":{"start":{"line":220,"column":2},"end":{"line":220,"column":7}},"loc":{"start":{"line":220,"column":72},"end":{"line":226,"column":3}}}},"branchMap":{"0":{"loc":{"start":{"line":74,"column":8},"end":{"line":76,"column":9}},"type":"if","locations":[{"start":{"line":74,"column":8},"end":{"line":76,"column":9}}]},"1":{"loc":{"start":{"line":93,"column":4},"end":{"line":97,"column":5}},"type":"if","locations":[{"start":{"line":93,"column":4},"end":{"line":97,"column":5}}]},"2":{"loc":{"start":{"line":135,"column":10},"end":{"line":141,"column":11}},"type":"if","locations":[{"start":{"line":135,"column":10},"end":{"line":141,"column":11}}]},"3":{"loc":{"start":{"line":136,"column":12},"end":{"line":138,"column":63}},"type":"binary-expr","locations":[{"start":{"line":136,"column":12},"end":{"line":136,"column":38}},{"start":{"line":137,"column":12},"end":{"line":137,"column":53}},{"start":{"line":138,"column":12},"end":{"line":138,"column":63}}]},"4":{"loc":{"start":{"line":163,"column":4},"end":{"line":165,"column":5}},"type":"if","locations":[{"start":{"line":163,"column":4},"end":{"line":165,"column":5}}]},"5":{"loc":{"start":{"line":163,"column":8},"end":{"line":163,"column":34}},"type":"binary-expr","locations":[{"start":{"line":163,"column":8},"end":{"line":163,"column":19}},{"start":{"line":163,"column":23},"end":{"line":163,"column":34}}]},"6":{"loc":{"start":{"line":166,"column":4},"end":{"line":168,"column":5}},"type":"if","locations":[{"start":{"line":166,"column":4},"end":{"line":168,"column":5}}]},"7":{"loc":{"start":{"line":172,"column":6},"end":{"line":174,"column":7}},"type":"if","locations":[{"start":{"line":172,"column":6},"end":{"line":174,"column":7}}]},"8":{"loc":{"start":{"line":200,"column":6},"end":{"line":206,"column":7}},"type":"if","locations":[{"start":{"line":200,"column":6},"end":{"line":206,"column":7}}]},"9":{"loc":{"start":{"line":201,"column":8},"end":{"line":202,"column":53}},"type":"binary-expr","locations":[{"start":{"line":201,"column":8},"end":{"line":201,"column":28}},{"start":{"line":202,"column":8},"end":{"line":202,"column":53}}]}},"s":{"0":1,"1":1,"2":15,"3":15,"4":15,"5":15,"6":15,"7":1,"8":1,"9":4,"10":4,"11":4,"12":36,"13":4,"14":31,"15":31,"16":31,"17":3100,"18":3100,"19":31,"20":4,"21":4,"22":30,"23":30,"24":30,"25":3000,"26":1072,"27":4,"28":3,"29":1,"30":2,"31":2,"32":40,"33":40,"34":40,"35":4,"36":4,"37":4,"38":80,"39":80,"40":80,"41":80,"42":4,"43":4,"44":4,"45":4,"46":3,"47":1,"48":2,"49":1,"50":1,"51":4,"52":4,"53":5,"54":2,"55":3,"56":1,"57":2,"58":2,"59":2,"60":105,"61":104,"62":2,"63":1,"64":1,"65":1,"66":1,"67":1,"68":0,"69":0,"70":1,"71":1,"72":1,"73":1,"74":1},"f":{"0":15,"1":1,"2":1,"3":4,"4":31,"5":4,"6":3,"7":4,"8":4,"9":4,"10":4,"11":5,"12":1,"13":1,"14":1},"b":{"0":[1072],"1":[1],"2":[1],"3":[3,3,3],"4":[2],"5":[5,4],"6":[1],"7":[104],"8":[0],"9":[1,1]}}
,"/media/plyue/662C8A672C8A31DB6/package/npm/TempRedisTools/src/Statistic/base.ts": {"path":"/media/plyue/662C8A672C8A31DB6/package/npm/TempRedisTools/src/Statistic/base.ts","statementMap":{"0":{"start":{"line":3,"column":0},"end":{"line":3,"column":null}},"1":{"start":{"line":28,"column":12},"end":{"line":28,"column":39}},"2":{"start":{"line":37,"column":4},"end":{"line":37,"column":25}},"3":{"start":{"line":38,"column":4},"end":{"line":38,"column":29}},"4":{"start":{"line":39,"column":4},"end":{"line":39,"column":25}},"5":{"start":{"line":49,"column":23},"end":{"line":49,"column":43}},"6":{"start":{"line":50,"column":4},"end":{"line":50,"column":99}},"7":{"start":{"line":59,"column":4},"end":{"line":59,"column":25}},"8":{"start":{"line":60,"column":4},"end":{"line":60,"column":16}},"9":{"start":{"line":69,"column":17},"end":{"line":69,"column":27}},"10":{"start":{"line":70,"column":4},"end":{"line":95,"column":5}},"11":{"start":{"line":72,"column":8},"end":{"line":74,"column":73}},"12":{"start":{"line":76,"column":8},"end":{"line":78,"column":52}},"13":{"start":{"line":80,"column":8},"end":{"line":80,"column":42}},"14":{"start":{"line":82,"column":8},"end":{"line":82,"column":36}},"15":{"start":{"line":85,"column":31},"end":{"line":86,"column":null}},"16":{"start":{"line":88,"column":8},"end":{"line":88,"column":46}},"17":{"start":{"line":90,"column":8},"end":{"line":90,"column":43}},"18":{"start":{"line":92,"column":8},"end":{"line":92,"column":42}},"19":{"start":{"line":94,"column":8},"end":{"line":94,"column":36}},"20":{"start":{"line":24,"column":0},"end":{"line":24,"column":22}}},"fnMap":{"0":{"name":"(anonymous_0)","decl":{"start":{"line":36,"column":2},"end":{"line":36,"column":14}},"loc":{"start":{"line":36,"column":75},"end":{"line":40,"column":3}}},"1":{"name":"(anonymous_1)","decl":{"start":{"line":48,"column":2},"end":{"line":48,"column":11}},"loc":{"start":{"line":48,"column":26},"end":{"line":51,"column":3}}},"2":{"name":"(anonymous_2)","decl":{"start":{"line":58,"column":2},"end":{"line":58,"column":13}},"loc":{"start":{"line":58,"column":28},"end":{"line":61,"column":3}}},"3":{"name":"(anonymous_3)","decl":{"start":{"line":68,"column":10},"end":{"line":68,"column":23}},"loc":{"start":{"line":68,"column":23},"end":{"line":96,"column":3}}}},"branchMap":{"0":{"loc":{"start":{"line":70,"column":4},"end":{"line":95,"column":5}},"type":"switch","locations":[{"start":{"line":71,"column":6},"end":{"line":74,"column":73}},{"start":{"line":75,"column":6},"end":{"line":78,"column":52}},{"start":{"line":79,"column":6},"end":{"line":80,"column":42}},{"start":{"line":81,"column":6},"end":{"line":82,"column":36}},{"start":{"line":83,"column":6},"end":{"line":88,"column":46}},{"start":{"line":89,"column":6},"end":{"line":90,"column":43}},{"start":{"line":91,"column":6},"end":{"line":92,"column":42}},{"start":{"line":93,"column":6},"end":{"line":94,"column":36}}]}},"s":{"0":2,"1":16,"2":16,"3":16,"4":16,"5":16,"6":16,"7":3,"8":3,"9":16,"10":16,"11":0,"12":0,"13":1,"14":13,"15":0,"16":0,"17":1,"18":1,"19":0,"20":2},"f":{"0":16,"1":16,"2":3,"3":16},"b":{"0":[0,0,1,13,0,1,1,0]}}
,"/media/plyue/662C8A672C8A31DB6/package/npm/TempRedisTools/src/Statistic/busines.ts": {"path":"/media/plyue/662C8A672C8A31DB6/package/npm/TempRedisTools/src/Statistic/busines.ts","statementMap":{"0":{"start":{"line":2,"column":0},"end":{"line":2,"column":39}},"1":{"start":{"line":17,"column":4},"end":{"line":17,"column":39}},"2":{"start":{"line":26,"column":16},"end":{"line":26,"column":43}},"3":{"start":{"line":27,"column":4},"end":{"line":27,"column":36}},"4":{"start":{"line":35,"column":16},"end":{"line":35,"column":43}},"5":{"start":{"line":36,"column":4},"end":{"line":36,"column":41}},"6":{"start":{"line":9,"column":0},"end":{"line":9,"column":13}},"7":{"start":{"line":52,"column":4},"end":{"line":52,"column":39}},"8":{"start":{"line":61,"column":16},"end":{"line":61,"column":38}},"9":{"start":{"line":62,"column":18},"end":{"line":62,"column":38}},"10":{"start":{"line":63,"column":4},"end":{"line":63,"column":43}},"11":{"start":{"line":71,"column":16},"end":{"line":71,"column":46}},"12":{"start":{"line":72,"column":4},"end":{"line":72,"column":42}},"13":{"start":{"line":81,"column":4},"end":{"line":81,"column":27}},"14":{"start":{"line":90,"column":16},"end":{"line":90,"column":38}},"15":{"start":{"line":91,"column":18},"end":{"line":91,"column":38}},"16":{"start":{"line":92,"column":4},"end":{"line":92,"column":55}},"17":{"start":{"line":101,"column":16},"end":{"line":101,"column":38}},"18":{"start":{"line":102,"column":4},"end":{"line":102,"column":42}},"19":{"start":{"line":44,"column":0},"end":{"line":44,"column":13}},"20":{"start":{"line":118,"column":4},"end":{"line":118,"column":39}},"21":{"start":{"line":126,"column":16},"end":{"line":126,"column":43}},"22":{"start":{"line":127,"column":4},"end":{"line":127,"column":31}},"23":{"start":{"line":135,"column":16},"end":{"line":135,"column":43}},"24":{"start":{"line":136,"column":18},"end":{"line":136,"column":43}},"25":{"start":{"line":137,"column":4},"end":{"line":137,"column":39}},"26":{"start":{"line":110,"column":0},"end":{"line":110,"column":13}},"27":{"start":{"line":153,"column":4},"end":{"line":153,"column":39}},"28":{"start":{"line":161,"column":16},"end":{"line":161,"column":45}},"29":{"start":{"line":162,"column":4},"end":{"line":162,"column":31}},"30":{"start":{"line":170,"column":16},"end":{"line":170,"column":45}},"31":{"start":{"line":171,"column":18},"end":{"line":171,"column":43}},"32":{"start":{"line":172,"column":4},"end":{"line":172,"column":39}},"33":{"start":{"line":145,"column":0},"end":{"line":145,"column":13}},"34":{"start":{"line":188,"column":4},"end":{"line":188,"column":39}},"35":{"start":{"line":197,"column":16},"end":{"line":197,"column":42}},"36":{"start":{"line":198,"column":4},"end":{"line":198,"column":40}},"37":{"start":{"line":206,"column":16},"end":{"line":206,"column":42}},"38":{"start":{"line":207,"column":4},"end":{"line":207,"column":41}},"39":{"start":{"line":180,"column":0},"end":{"line":180,"column":13}}},"fnMap":{"0":{"name":"(anonymous_0)","decl":{"start":{"line":16,"column":2},"end":{"line":16,"column":14}},"loc":{"start":{"line":16,"column":75},"end":{"line":18,"column":3}}},"1":{"name":"(anonymous_1)","decl":{"start":{"line":25,"column":2},"end":{"line":25,"column":7}},"loc":{"start":{"line":25,"column":22},"end":{"line":28,"column":3}}},"2":{"name":"(anonymous_2)","decl":{"start":{"line":34,"column":2},"end":{"line":34,"column":7}},"loc":{"start":{"line":34,"column":16},"end":{"line":37,"column":3}}},"3":{"name":"(anonymous_3)","decl":{"start":{"line":51,"column":2},"end":{"line":51,"column":14}},"loc":{"start":{"line":51,"column":75},"end":{"line":53,"column":3}}},"4":{"name":"(anonymous_4)","decl":{"start":{"line":60,"column":2},"end":{"line":60,"column":7}},"loc":{"start":{"line":60,"column":26},"end":{"line":64,"column":3}}},"5":{"name":"(anonymous_5)","decl":{"start":{"line":70,"column":2},"end":{"line":70,"column":7}},"loc":{"start":{"line":70,"column":16},"end":{"line":73,"column":3}}},"6":{"name":"(anonymous_6)","decl":{"start":{"line":80,"column":2},"end":{"line":80,"column":7}},"loc":{"start":{"line":80,"column":29},"end":{"line":82,"column":3}}},"7":{"name":"(anonymous_7)","decl":{"start":{"line":89,"column":2},"end":{"line":89,"column":7}},"loc":{"start":{"line":89,"column":38},"end":{"line":93,"column":3}}},"8":{"name":"(anonymous_8)","decl":{"start":{"line":100,"column":2},"end":{"line":100,"column":7}},"loc":{"start":{"line":100,"column":37},"end":{"line":103,"column":3}}},"9":{"name":"(anonymous_9)","decl":{"start":{"line":117,"column":2},"end":{"line":117,"column":14}},"loc":{"start":{"line":117,"column":75},"end":{"line":119,"column":3}}},"10":{"name":"(anonymous_10)","decl":{"start":{"line":125,"column":2},"end":{"line":125,"column":7}},"loc":{"start":{"line":125,"column":11},"end":{"line":128,"column":3}}},"11":{"name":"(anonymous_11)","decl":{"start":{"line":134,"column":2},"end":{"line":134,"column":7}},"loc":{"start":{"line":134,"column":16},"end":{"line":138,"column":3}}},"12":{"name":"(anonymous_12)","decl":{"start":{"line":152,"column":2},"end":{"line":152,"column":14}},"loc":{"start":{"line":152,"column":75},"end":{"line":154,"column":3}}},"13":{"name":"(anonymous_13)","decl":{"start":{"line":160,"column":2},"end":{"line":160,"column":7}},"loc":{"start":{"line":160,"column":11},"end":{"line":163,"column":3}}},"14":{"name":"(anonymous_14)","decl":{"start":{"line":169,"column":2},"end":{"line":169,"column":7}},"loc":{"start":{"line":169,"column":16},"end":{"line":173,"column":3}}},"15":{"name":"(anonymous_15)","decl":{"start":{"line":187,"column":2},"end":{"line":187,"column":14}},"loc":{"start":{"line":187,"column":75},"end":{"line":189,"column":3}}},"16":{"name":"(anonymous_16)","decl":{"start":{"line":196,"column":2},"end":{"line":196,"column":7}},"loc":{"start":{"line":196,"column":26},"end":{"line":199,"column":3}}},"17":{"name":"(anonymous_17)","decl":{"start":{"line":205,"column":2},"end":{"line":205,"column":7}},"loc":{"start":{"line":205,"column":16},"end":{"line":208,"column":3}}}},"branchMap":{"0":{"loc":{"start":{"line":137,"column":11},"end":{"line":137,"column":38}},"type":"cond-expr","locations":[{"start":{"line":137,"column":19},"end":{"line":137,"column":34}},{"start":{"line":137,"column":37},"end":{"line":137,"column":38}}]},"1":{"loc":{"start":{"line":172,"column":11},"end":{"line":172,"column":38}},"type":"cond-expr","locations":[{"start":{"line":172,"column":19},"end":{"line":172,"column":34}},{"start":{"line":172,"column":37},"end":{"line":172,"column":38}}]}},"s":{"0":1,"1":2,"2":1,"3":1,"4":1,"5":1,"6":1,"7":4,"8":1,"9":1,"10":1,"11":1,"12":1,"13":0,"14":1,"15":1,"16":1,"17":1,"18":1,"19":1,"20":2,"21":1,"22":1,"23":1,"24":1,"25":1,"26":1,"27":2,"28":1,"29":1,"30":1,"31":1,"32":1,"33":1,"34":2,"35":1,"36":1,"37":1,"38":1,"39":1},"f":{"0":2,"1":1,"2":1,"3":4,"4":1,"5":1,"6":0,"7":1,"8":1,"9":2,"10":1,"11":1,"12":2,"13":1,"14":1,"15":2,"16":1,"17":1},"b":{"0":[1,0],"1":[1,0]}}
,"/media/plyue/662C8A672C8A31DB6/package/npm/TempRedisTools/src/TSRedisCacheKit/BitField.ts": {"path":"/media/plyue/662C8A672C8A31DB6/package/npm/TempRedisTools/src/TSRedisCacheKit/BitField.ts","statementMap":{"0":{"start":{"line":2,"column":0},"end":{"line":2,"column":35}},"1":{"start":{"line":16,"column":21},"end":{"line":19,"column":null}},"2":{"start":{"line":21,"column":6},"end":{"line":21,"column":24}},"3":{"start":{"line":31,"column":6},"end":{"line":31,"column":69}},"4":{"start":{"line":41,"column":18},"end":{"line":41,"column":40}},"5":{"start":{"line":42,"column":35},"end":{"line":42,"column":41}},"6":{"start":{"line":44,"column":6},"end":{"line":50,"column":7}},"7":{"start":{"line":45,"column":8},"end":{"line":45,"column":66}},"8":{"start":{"line":46,"column":13},"end":{"line":50,"column":7}},"9":{"start":{"line":47,"column":8},"end":{"line":47,"column":65}},"10":{"start":{"line":49,"column":8},"end":{"line":49,"column":58}},"11":{"start":{"line":65,"column":6},"end":{"line":69,"column":8}},"12":{"start":{"line":3,"column":0},"end":{"line":3,"column":13}}},"fnMap":{"0":{"name":"(anonymous_0)","decl":{"start":{"line":11,"column":4},"end":{"line":11,"column":9}},"loc":{"start":{"line":14,"column":25},"end":{"line":22,"column":5}}},"1":{"name":"(anonymous_1)","decl":{"start":{"line":30,"column":4},"end":{"line":30,"column":9}},"loc":{"start":{"line":30,"column":52},"end":{"line":32,"column":5}}},"2":{"name":"(anonymous_2)","decl":{"start":{"line":40,"column":4},"end":{"line":40,"column":9}},"loc":{"start":{"line":40,"column":58},"end":{"line":51,"column":5}}},"3":{"name":"(anonymous_3)","decl":{"start":{"line":60,"column":4},"end":{"line":60,"column":9}},"loc":{"start":{"line":63,"column":20},"end":{"line":70,"column":5}}}},"branchMap":{"0":{"loc":{"start":{"line":14,"column":6},"end":{"line":14,"column":25}},"type":"default-arg","locations":[{"start":{"line":14,"column":23},"end":{"line":14,"column":25}}]},"1":{"loc":{"start":{"line":19,"column":8},"end":{"line":19,"column":21}},"type":"cond-expr","locations":[{"start":{"line":19,"column":16},"end":{"line":19,"column":17}},{"start":{"line":19,"column":20},"end":{"line":19,"column":21}}]},"2":{"loc":{"start":{"line":30,"column":33},"end":{"line":30,"column":52}},"type":"default-arg","locations":[{"start":{"line":30,"column":50},"end":{"line":30,"column":52}}]},"3":{"loc":{"start":{"line":40,"column":39},"end":{"line":40,"column":58}},"type":"default-arg","locations":[{"start":{"line":40,"column":56},"end":{"line":40,"column":58}}]},"4":{"loc":{"start":{"line":44,"column":6},"end":{"line":50,"column":7}},"type":"if","locations":[{"start":{"line":44,"column":6},"end":{"line":50,"column":7}},{"start":{"line":46,"column":13},"end":{"line":50,"column":7}}]},"5":{"loc":{"start":{"line":46,"column":13},"end":{"line":50,"column":7}},"type":"if","locations":[{"start":{"line":46,"column":13},"end":{"line":50,"column":7}},{"start":{"line":48,"column":13},"end":{"line":50,"column":7}}]}},"s":{"0":1,"1":1,"2":1,"3":1,"4":3,"5":3,"6":3,"7":1,"8":2,"9":1,"10":1,"11":1,"12":1},"f":{"0":1,"1":1,"2":3,"3":1},"b":{"0":[0],"1":[1,0],"2":[0],"3":[0],"4":[1,2],"5":[1,1]}}
,"/media/plyue/662C8A672C8A31DB6/package/npm/TempRedisTools/src/TSRedisCacheKit/Hash.ts": {"path":"/media/plyue/662C8A672C8A31DB6/package/npm/TempRedisTools/src/TSRedisCacheKit/Hash.ts","statementMap":{"0":{"start":{"line":1,"column":0},"end":{"line":1,"column":35}},"1":{"start":{"line":16,"column":19},"end":{"line":19,"column":null}},"2":{"start":{"line":21,"column":4},"end":{"line":21,"column":22}},"3":{"start":{"line":34,"column":19},"end":{"line":34,"column":69}},"4":{"start":{"line":35,"column":4},"end":{"line":35,"column":46}},"5":{"start":{"line":44,"column":19},"end":{"line":44,"column":67}},"6":{"start":{"line":45,"column":4},"end":{"line":47,"column":6}},"7":{"start":{"line":46,"column":51},"end":{"line":46,"column":75}},"8":{"start":{"line":57,"column":4},"end":{"line":57,"column":65}},"9":{"start":{"line":67,"column":19},"end":{"line":67,"column":69}},"10":{"start":{"line":68,"column":4},"end":{"line":68,"column":22}},"11":{"start":{"line":77,"column":4},"end":{"line":77,"column":57}},"12":{"start":{"line":86,"column":4},"end":{"line":86,"column":58}},"13":{"start":{"line":95,"column":19},"end":{"line":95,"column":65}},"14":{"start":{"line":96,"column":4},"end":{"line":96,"column":52}},"15":{"start":{"line":96,"column":33},"end":{"line":96,"column":50}},"16":{"start":{"line":111,"column":4},"end":{"line":111,"column":76}},"17":{"start":{"line":126,"column":4},"end":{"line":130,"column":6}},"18":{"start":{"line":3,"column":0},"end":{"line":3,"column":13}}},"fnMap":{"0":{"name":"(anonymous_0)","decl":{"start":{"line":11,"column":2},"end":{"line":11,"column":7}},"loc":{"start":{"line":14,"column":23},"end":{"line":22,"column":3}}},"1":{"name":"(anonymous_1)","decl":{"start":{"line":30,"column":2},"end":{"line":30,"column":7}},"loc":{"start":{"line":32,"column":23},"end":{"line":36,"column":3}}},"2":{"name":"(anonymous_2)","decl":{"start":{"line":43,"column":2},"end":{"line":43,"column":7}},"loc":{"start":{"line":43,"column":34},"end":{"line":48,"column":3}}},"3":{"name":"(anonymous_3)","decl":{"start":{"line":46,"column":33},"end":{"line":46,"column":34}},"loc":{"start":{"line":46,"column":51},"end":{"line":46,"column":75}}},"4":{"name":"(anonymous_4)","decl":{"start":{"line":56,"column":2},"end":{"line":56,"column":7}},"loc":{"start":{"line":56,"column":47},"end":{"line":58,"column":3}}},"5":{"name":"(anonymous_5)","decl":{"start":{"line":66,"column":2},"end":{"line":66,"column":7}},"loc":{"start":{"line":66,"column":47},"end":{"line":69,"column":3}}},"6":{"name":"(anonymous_6)","decl":{"start":{"line":76,"column":2},"end":{"line":76,"column":7}},"loc":{"start":{"line":76,"column":34},"end":{"line":78,"column":3}}},"7":{"name":"(anonymous_7)","decl":{"start":{"line":85,"column":2},"end":{"line":85,"column":7}},"loc":{"start":{"line":85,"column":32},"end":{"line":87,"column":3}}},"8":{"name":"(anonymous_8)","decl":{"start":{"line":94,"column":2},"end":{"line":94,"column":7}},"loc":{"start":{"line":94,"column":34},"end":{"line":97,"column":3}}},"9":{"name":"(anonymous_9)","decl":{"start":{"line":96,"column":22},"end":{"line":96,"column":23}},"loc":{"start":{"line":96,"column":33},"end":{"line":96,"column":50}}},"10":{"name":"(anonymous_10)","decl":{"start":{"line":106,"column":2},"end":{"line":106,"column":7}},"loc":{"start":{"line":109,"column":23},"end":{"line":112,"column":3}}},"11":{"name":"(anonymous_11)","decl":{"start":{"line":121,"column":2},"end":{"line":121,"column":7}},"loc":{"start":{"line":124,"column":23},"end":{"line":131,"column":3}}}},"branchMap":{"0":{"loc":{"start":{"line":14,"column":4},"end":{"line":14,"column":23}},"type":"default-arg","locations":[{"start":{"line":14,"column":21},"end":{"line":14,"column":23}}]},"1":{"loc":{"start":{"line":32,"column":4},"end":{"line":32,"column":23}},"type":"default-arg","locations":[{"start":{"line":32,"column":21},"end":{"line":32,"column":23}}]},"2":{"loc":{"start":{"line":35,"column":11},"end":{"line":35,"column":45}},"type":"cond-expr","locations":[{"start":{"line":35,"column":20},"end":{"line":35,"column":38}},{"start":{"line":35,"column":41},"end":{"line":35,"column":45}}]},"3":{"loc":{"start":{"line":43,"column":15},"end":{"line":43,"column":34}},"type":"default-arg","locations":[{"start":{"line":43,"column":32},"end":{"line":43,"column":34}}]},"4":{"loc":{"start":{"line":56,"column":28},"end":{"line":56,"column":47}},"type":"default-arg","locations":[{"start":{"line":56,"column":45},"end":{"line":56,"column":47}}]},"5":{"loc":{"start":{"line":66,"column":28},"end":{"line":66,"column":47}},"type":"default-arg","locations":[{"start":{"line":66,"column":45},"end":{"line":66,"column":47}}]},"6":{"loc":{"start":{"line":76,"column":15},"end":{"line":76,"column":34}},"type":"default-arg","locations":[{"start":{"line":76,"column":32},"end":{"line":76,"column":34}}]},"7":{"loc":{"start":{"line":85,"column":13},"end":{"line":85,"column":32}},"type":"default-arg","locations":[{"start":{"line":85,"column":30},"end":{"line":85,"column":32}}]},"8":{"loc":{"start":{"line":94,"column":15},"end":{"line":94,"column":34}},"type":"default-arg","locations":[{"start":{"line":94,"column":32},"end":{"line":94,"column":34}}]},"9":{"loc":{"start":{"line":109,"column":4},"end":{"line":109,"column":23}},"type":"default-arg","locations":[{"start":{"line":109,"column":21},"end":{"line":109,"column":23}}]},"10":{"loc":{"start":{"line":124,"column":4},"end":{"line":124,"column":23}},"type":"default-arg","locations":[{"start":{"line":124,"column":21},"end":{"line":124,"column":23}}]}},"s":{"0":1,"1":1,"2":1,"3":1,"4":1,"5":1,"6":1,"7":2,"8":1,"9":1,"10":1,"11":1,"12":1,"13":1,"14":1,"15":2,"16":1,"17":1,"18":1},"f":{"0":1,"1":1,"2":1,"3":2,"4":1,"5":1,"6":1,"7":1,"8":1,"9":2,"10":1,"11":1},"b":{"0":[0],"1":[0],"2":[1,0],"3":[0],"4":[0],"5":[0],"6":[0],"7":[0],"8":[0],"9":[0],"10":[0]}}
,"/media/plyue/662C8A672C8A31DB6/package/npm/TempRedisTools/src/TSRedisCacheKit/HyperLogLog.ts": {"path":"/media/plyue/662C8A672C8A31DB6/package/npm/TempRedisTools/src/TSRedisCacheKit/HyperLogLog.ts","statementMap":{"0":{"start":{"line":1,"column":0},"end":{"line":1,"column":35}},"1":{"start":{"line":11,"column":17},"end":{"line":11,"column":64}},"2":{"start":{"line":11,"column":39},"end":{"line":11,"column":63}},"3":{"start":{"line":12,"column":19},"end":{"line":12,"column":74}},"4":{"start":{"line":13,"column":4},"end":{"line":13,"column":22}},"5":{"start":{"line":22,"column":4},"end":{"line":22,"column":60}},"6":{"start":{"line":32,"column":19},"end":{"line":35,"column":6}},"7":{"start":{"line":34,"column":27},"end":{"line":34,"column":46}},"8":{"start":{"line":36,"column":4},"end":{"line":36,"column":27}},"9":{"start":{"line":45,"column":19},"end":{"line":45,"column":63}},"10":{"start":{"line":46,"column":4},"end":{"line":46,"column":22}},"11":{"start":{"line":56,"column":19},"end":{"line":58,"column":null}},"12":{"start":{"line":60,"column":4},"end":{"line":60,"column":27}},"13":{"start":{"line":69,"column":4},"end":{"line":69,"column":68}},"14":{"start":{"line":3,"column":0},"end":{"line":3,"column":13}}},"fnMap":{"0":{"name":"(anonymous_0)","decl":{"start":{"line":10,"column":2},"end":{"line":10,"column":7}},"loc":{"start":{"line":10,"column":49},"end":{"line":14,"column":3}}},"1":{"name":"(anonymous_1)","decl":{"start":{"line":11,"column":28},"end":{"line":11,"column":29}},"loc":{"start":{"line":11,"column":39},"end":{"line":11,"column":63}}},"2":{"name":"(anonymous_2)","decl":{"start":{"line":21,"column":2},"end":{"line":21,"column":7}},"loc":{"start":{"line":21,"column":33},"end":{"line":23,"column":3}}},"3":{"name":"(anonymous_3)","decl":{"start":{"line":31,"column":2},"end":{"line":31,"column":7}},"loc":{"start":{"line":31,"column":52},"end":{"line":37,"column":3}}},"4":{"name":"(anonymous_4)","decl":{"start":{"line":34,"column":18},"end":{"line":34,"column":19}},"loc":{"start":{"line":34,"column":27},"end":{"line":34,"column":46}}},"5":{"name":"(anonymous_5)","decl":{"start":{"line":44,"column":2},"end":{"line":44,"column":7}},"loc":{"start":{"line":44,"column":34},"end":{"line":47,"column":3}}},"6":{"name":"(anonymous_6)","decl":{"start":{"line":55,"column":2},"end":{"line":55,"column":7}},"loc":{"start":{"line":55,"column":51},"end":{"line":61,"column":3}}},"7":{"name":"(anonymous_7)","decl":{"start":{"line":68,"column":2},"end":{"line":68,"column":7}},"loc":{"start":{"line":68,"column":39},"end":{"line":70,"column":3}}}},"branchMap":{"0":{"loc":{"start":{"line":10,"column":12},"end":{"line":10,"column":31}},"type":"default-arg","locations":[{"start":{"line":10,"column":29},"end":{"line":10,"column":31}}]},"1":{"loc":{"start":{"line":21,"column":14},"end":{"line":21,"column":33}},"type":"default-arg","locations":[{"start":{"line":21,"column":31},"end":{"line":21,"column":33}}]},"2":{"loc":{"start":{"line":31,"column":14},"end":{"line":31,"column":33}},"type":"default-arg","locations":[{"start":{"line":31,"column":31},"end":{"line":31,"column":33}}]},"3":{"loc":{"start":{"line":44,"column":15},"end":{"line":44,"column":34}},"type":"default-arg","locations":[{"start":{"line":44,"column":32},"end":{"line":44,"column":34}}]},"4":{"loc":{"start":{"line":68,"column":20},"end":{"line":68,"column":39}},"type":"default-arg","locations":[{"start":{"line":68,"column":37},"end":{"line":68,"column":39}}]}},"s":{"0":1,"1":1,"2":2,"3":1,"4":1,"5":1,"6":1,"7":2,"8":1,"9":1,"10":1,"11":1,"12":1,"13":1,"14":1},"f":{"0":1,"1":2,"2":1,"3":1,"4":2,"5":1,"6":1,"7":1},"b":{"0":[0],"1":[0],"2":[0],"3":[0],"4":[0]}}
,"/media/plyue/662C8A672C8A31DB6/package/npm/TempRedisTools/src/TSRedisCacheKit/List.ts": {"path":"/media/plyue/662C8A672C8A31DB6/package/npm/TempRedisTools/src/TSRedisCacheKit/List.ts","statementMap":{"0":{"start":{"line":1,"column":0},"end":{"line":1,"column":35}},"1":{"start":{"line":11,"column":17},"end":{"line":11,"column":64}},"2":{"start":{"line":11,"column":39},"end":{"line":11,"column":63}},"3":{"start":{"line":12,"column":4},"end":{"line":12,"column":67}},"4":{"start":{"line":21,"column":4},"end":{"line":21,"column":57}},"5":{"start":{"line":30,"column":4},"end":{"line":30,"column":57}},"6":{"start":{"line":45,"column":4},"end":{"line":45,"column":72}},"7":{"start":{"line":55,"column":17},"end":{"line":55,"column":64}},"8":{"start":{"line":55,"column":39},"end":{"line":55,"column":63}},"9":{"start":{"line":56,"column":4},"end":{"line":56,"column":67}},"10":{"start":{"line":65,"column":4},"end":{"line":65,"column":57}},"11":{"start":{"line":80,"column":4},"end":{"line":80,"column":71}},"12":{"start":{"line":91,"column":4},"end":{"line":95,"column":6}},"13":{"start":{"line":110,"column":4},"end":{"line":114,"column":6}},"14":{"start":{"line":131,"column":16},"end":{"line":131,"column":38}},"15":{"start":{"line":132,"column":21},"end":{"line":132,"column":45}},"16":{"start":{"line":133,"column":21},"end":{"line":133,"column":45}},"17":{"start":{"line":135,"column":4},"end":{"line":143,"column":5}},"18":{"start":{"line":136,"column":6},"end":{"line":136,"column":73}},"19":{"start":{"line":137,"column":11},"end":{"line":143,"column":5}},"20":{"start":{"line":138,"column":6},"end":{"line":138,"column":72}},"21":{"start":{"line":140,"column":6},"end":{"line":142,"column":8}},"22":{"start":{"line":3,"column":0},"end":{"line":3,"column":13}}},"fnMap":{"0":{"name":"(anonymous_0)","decl":{"start":{"line":10,"column":2},"end":{"line":10,"column":7}},"loc":{"start":{"line":10,"column":50},"end":{"line":13,"column":3}}},"1":{"name":"(anonymous_1)","decl":{"start":{"line":11,"column":28},"end":{"line":11,"column":29}},"loc":{"start":{"line":11,"column":39},"end":{"line":11,"column":63}}},"2":{"name":"(anonymous_2)","decl":{"start":{"line":20,"column":2},"end":{"line":20,"column":7}},"loc":{"start":{"line":20,"column":31},"end":{"line":22,"column":3}}},"3":{"name":"(anonymous_3)","decl":{"start":{"line":29,"column":2},"end":{"line":29,"column":7}},"loc":{"start":{"line":29,"column":34},"end":{"line":31,"column":3}}},"4":{"name":"(anonymous_4)","decl":{"start":{"line":40,"column":2},"end":{"line":40,"column":7}},"loc":{"start":{"line":43,"column":23},"end":{"line":46,"column":3}}},"5":{"name":"(anonymous_5)","decl":{"start":{"line":54,"column":2},"end":{"line":54,"column":7}},"loc":{"start":{"line":54,"column":51},"end":{"line":57,"column":3}}},"6":{"name":"(anonymous_6)","decl":{"start":{"line":55,"column":28},"end":{"line":55,"column":29}},"loc":{"start":{"line":55,"column":39},"end":{"line":55,"column":63}}},"7":{"name":"(anonymous_7)","decl":{"start":{"line":64,"column":2},"end":{"line":64,"column":7}},"loc":{"start":{"line":64,"column":32},"end":{"line":66,"column":3}}},"8":{"name":"(anonymous_8)","decl":{"start":{"line":75,"column":2},"end":{"line":75,"column":7}},"loc":{"start":{"line":78,"column":23},"end":{"line":81,"column":3}}},"9":{"name":"(anonymous_9)","decl":{"start":{"line":90,"column":2},"end":{"line":90,"column":7}},"loc":{"start":{"line":90,"column":58},"end":{"line":96,"column":3}}},"10":{"name":"(anonymous_10)","decl":{"start":{"line":105,"column":2},"end":{"line":105,"column":7}},"loc":{"start":{"line":108,"column":23},"end":{"line":115,"column":3}}},"11":{"name":"(anonymous_11)","decl":{"start":{"line":125,"column":2},"end":{"line":125,"column":7}},"loc":{"start":{"line":129,"column":23},"end":{"line":144,"column":3}}}},"branchMap":{"0":{"loc":{"start":{"line":10,"column":13},"end":{"line":10,"column":32}},"type":"default-arg","locations":[{"start":{"line":10,"column":30},"end":{"line":10,"column":32}}]},"1":{"loc":{"start":{"line":20,"column":12},"end":{"line":20,"column":31}},"type":"default-arg","locations":[{"start":{"line":20,"column":29},"end":{"line":20,"column":31}}]},"2":{"loc":{"start":{"line":29,"column":15},"end":{"line":29,"column":34}},"type":"default-arg","locations":[{"start":{"line":29,"column":32},"end":{"line":29,"column":34}}]},"3":{"loc":{"start":{"line":43,"column":4},"end":{"line":43,"column":23}},"type":"default-arg","locations":[{"start":{"line":43,"column":21},"end":{"line":43,"column":23}}]},"4":{"loc":{"start":{"line":54,"column":14},"end":{"line":54,"column":33}},"type":"default-arg","locations":[{"start":{"line":54,"column":31},"end":{"line":54,"column":33}}]},"5":{"loc":{"start":{"line":64,"column":13},"end":{"line":64,"column":32}},"type":"default-arg","locations":[{"start":{"line":64,"column":30},"end":{"line":64,"column":32}}]},"6":{"loc":{"start":{"line":78,"column":4},"end":{"line":78,"column":23}},"type":"default-arg","locations":[{"start":{"line":78,"column":21},"end":{"line":78,"column":23}}]},"7":{"loc":{"start":{"line":90,"column":39},"end":{"line":90,"column":58}},"type":"default-arg","locations":[{"start":{"line":90,"column":56},"end":{"line":90,"column":58}}]},"8":{"loc":{"start":{"line":108,"column":4},"end":{"line":108,"column":23}},"type":"default-arg","locations":[{"start":{"line":108,"column":21},"end":{"line":108,"column":23}}]},"9":{"loc":{"start":{"line":129,"column":4},"end":{"line":129,"column":23}},"type":"default-arg","locations":[{"start":{"line":129,"column":21},"end":{"line":129,"column":23}}]},"10":{"loc":{"start":{"line":135,"column":4},"end":{"line":143,"column":5}},"type":"if","locations":[{"start":{"line":135,"column":4},"end":{"line":143,"column":5}},{"start":{"line":137,"column":11},"end":{"line":143,"column":5}}]},"11":{"loc":{"start":{"line":137,"column":11},"end":{"line":143,"column":5}},"type":"if","locations":[{"start":{"line":137,"column":11},"end":{"line":143,"column":5}},{"start":{"line":139,"column":11},"end":{"line":143,"column":5}}]}},"s":{"0":2,"1":2,"2":4,"3":2,"4":1,"5":6,"6":3,"7":1,"8":3,"9":1,"10":1,"11":1,"12":1,"13":1,"14":2,"15":2,"16":2,"17":2,"18":1,"19":1,"20":1,"21":0,"22":2},"f":{"0":2,"1":4,"2":1,"3":6,"4":3,"5":1,"6":3,"7":1,"8":1,"9":1,"10":1,"11":2},"b":{"0":[0],"1":[0],"2":[0],"3":[0],"4":[0],"5":[0],"6":[0],"7":[0],"8":[0],"9":[0],"10":[1,1],"11":[1,0]}}
,"/media/plyue/662C8A672C8A31DB6/package/npm/TempRedisTools/src/TSRedisCacheKit/PubSub.ts": {"path":"/media/plyue/662C8A672C8A31DB6/package/npm/TempRedisTools/src/TSRedisCacheKit/PubSub.ts","statementMap":{"0":{"start":{"line":2,"column":0},"end":{"line":2,"column":35}},"1":{"start":{"line":4,"column":0},"end":{"line":4,"column":36}},"2":{"start":{"line":5,"column":0},"end":{"line":5,"column":29}},"3":{"start":{"line":21,"column":4},"end":{"line":21,"column":39}},"4":{"start":{"line":9,"column":10},"end":{"line":12,"column":6}},"5":{"start":{"line":22,"column":4},"end":{"line":22,"column":29}},"6":{"start":{"line":23,"column":4},"end":{"line":23,"column":46}},"7":{"start":{"line":24,"column":4},"end":{"line":24,"column":61}},"8":{"start":{"line":24,"column":41},"end":{"line":24,"column":59}},"9":{"start":{"line":25,"column":4},"end":{"line":25,"column":30}},"10":{"start":{"line":28,"column":4},"end":{"line":33,"column":7}},"11":{"start":{"line":29,"column":23},"end":{"line":29,"column":50}},"12":{"start":{"line":30,"column":6},"end":{"line":32,"column":7}},"13":{"start":{"line":31,"column":8},"end":{"line":31,"column":35}},"14":{"start":{"line":36,"column":4},"end":{"line":41,"column":7}},"15":{"start":{"line":37,"column":23},"end":{"line":37,"column":50}},"16":{"start":{"line":38,"column":6},"end":{"line":40,"column":7}},"17":{"start":{"line":39,"column":8},"end":{"line":39,"column":35}},"18":{"start":{"line":44,"column":4},"end":{"line":47,"column":7}},"19":{"start":{"line":45,"column":6},"end":{"line":45,"column":79}},"20":{"start":{"line":46,"column":6},"end":{"line":46,"column":32}},"21":{"start":{"line":54,"column":16},"end":{"line":54,"column":39}},"22":{"start":{"line":55,"column":4},"end":{"line":55,"column":38}},"23":{"start":{"line":56,"column":4},"end":{"line":61,"column":5}},"24":{"start":{"line":57,"column":6},"end":{"line":57,"column":43}},"25":{"start":{"line":59,"column":6},"end":{"line":59,"column":67}},"26":{"start":{"line":60,"column":6},"end":{"line":60,"column":16}},"27":{"start":{"line":65,"column":16},"end":{"line":65,"column":39}},"28":{"start":{"line":66,"column":4},"end":{"line":66,"column":31}},"29":{"start":{"line":67,"column":4},"end":{"line":72,"column":5}},"30":{"start":{"line":68,"column":6},"end":{"line":68,"column":45}},"31":{"start":{"line":70,"column":6},"end":{"line":70,"column":71}},"32":{"start":{"line":71,"column":6},"end":{"line":71,"column":16}},"33":{"start":{"line":79,"column":16},"end":{"line":79,"column":39}},"34":{"start":{"line":80,"column":4},"end":{"line":80,"column":38}},"35":{"start":{"line":81,"column":4},"end":{"line":86,"column":5}},"36":{"start":{"line":82,"column":6},"end":{"line":82,"column":44}},"37":{"start":{"line":84,"column":6},"end":{"line":84,"column":68}},"38":{"start":{"line":85,"column":6},"end":{"line":85,"column":16}},"39":{"start":{"line":90,"column":16},"end":{"line":90,"column":39}},"40":{"start":{"line":91,"column":4},"end":{"line":91,"column":31}},"41":{"start":{"line":92,"column":4},"end":{"line":97,"column":5}},"42":{"start":{"line":93,"column":6},"end":{"line":93,"column":46}},"43":{"start":{"line":95,"column":6},"end":{"line":95,"column":72}},"44":{"start":{"line":96,"column":6},"end":{"line":96,"column":16}},"45":{"start":{"line":101,"column":4},"end":{"line":111,"column":5}},"46":{"start":{"line":102,"column":6},"end":{"line":102,"column":65}},"47":{"start":{"line":104,"column":6},"end":{"line":109,"column":8}},"48":{"start":{"line":110,"column":6},"end":{"line":110,"column":16}},"49":{"start":{"line":119,"column":21},"end":{"line":121,"column":null}},"50":{"start":{"line":123,"column":4},"end":{"line":132,"column":5}},"51":{"start":{"line":124,"column":6},"end":{"line":124,"column":66}},"52":{"start":{"line":125,"column":6},"end":{"line":128,"column":8}},"53":{"start":{"line":130,"column":6},"end":{"line":130,"column":66}},"54":{"start":{"line":131,"column":6},"end":{"line":131,"column":16}},"55":{"start":{"line":140,"column":4},"end":{"line":159,"column":5}},"56":{"start":{"line":140,"column":17},"end":{"line":140,"column":18}},"57":{"start":{"line":141,"column":6},"end":{"line":158,"column":7}},"58":{"start":{"line":142,"column":8},"end":{"line":142,"column":68}},"59":{"start":{"line":143,"column":25},"end":{"line":143,"column":68}},"60":{"start":{"line":144,"column":8},"end":{"line":150,"column":9}},"61":{"start":{"line":145,"column":10},"end":{"line":145,"column":37}},"62":{"start":{"line":146,"column":10},"end":{"line":148,"column":11}},"63":{"start":{"line":147,"column":12},"end":{"line":147,"column":76}},"64":{"start":{"line":149,"column":10},"end":{"line":149,"column":16}},"65":{"start":{"line":152,"column":8},"end":{"line":152,"column":71}},"66":{"start":{"line":153,"column":8},"end":{"line":157,"column":9}},"67":{"start":{"line":154,"column":10},"end":{"line":156,"column":12}},"68":{"start":{"line":163,"column":4},"end":{"line":163,"column":33}},"69":{"start":{"line":7,"column":0},"end":{"line":7,"column":13}}},"fnMap":{"0":{"name":"(anonymous_7)","decl":{"start":{"line":24,"column":32},"end":{"line":24,"column":33}},"loc":{"start":{"line":24,"column":41},"end":{"line":24,"column":59}}},"1":{"name":"(anonymous_8)","decl":{"start":{"line":28,"column":34},"end":{"line":28,"column":35}},"loc":{"start":{"line":28,"column":55},"end":{"line":33,"column":5}}},"2":{"name":"(anonymous_9)","decl":{"start":{"line":36,"column":35},"end":{"line":36,"column":36}},"loc":{"start":{"line":36,"column":65},"end":{"line":41,"column":5}}},"3":{"name":"(anonymous_10)","decl":{"start":{"line":44,"column":30},"end":{"line":44,"column":33}},"loc":{"start":{"line":44,"column":35},"end":{"line":47,"column":5}}},"4":{"name":"(anonymous_11)","decl":{"start":{"line":50,"column":2},"end":{"line":50,"column":7}},"loc":{"start":{"line":52,"column":56},"end":{"line":62,"column":3}}},"5":{"name":"(anonymous_12)","decl":{"start":{"line":64,"column":2},"end":{"line":64,"column":7}},"loc":{"start":{"line":64,"column":35},"end":{"lin
[...]
tart":{"line":121,"column":20},"end":{"line":121,"column":29}},"18":{"start":{"line":122,"column":20},"end":{"line":122,"column":45}},"19":{"start":{"line":123,"column":6},"end":{"line":127,"column":7}},"20":{"start":{"line":124,"column":8},"end":{"line":124,"column":39}},"21":{"start":{"line":126,"column":8},"end":{"line":126,"column":67}},"22":{"start":{"line":129,"column":4},"end":{"line":129,"column":19}},"23":{"start":{"line":138,"column":19},"end":{"line":140,"column":null}},"24":{"start":{"line":142,"column":4},"end":{"line":142,"column":46}},"25":{"start":{"line":157,"column":4},"end":{"line":161,"column":6}},"26":{"start":{"line":176,"column":4},"end":{"line":176,"column":79}},"27":{"start":{"line":191,"column":4},"end":{"line":195,"column":6}},"28":{"start":{"line":4,"column":0},"end":{"line":4,"column":13}}},"fnMap":{"0":{"name":"(anonymous_0)","decl":{"start":{"line":12,"column":2},"end":{"line":12,"column":7}},"loc":{"start":{"line":12,"column":58},"end":{"line":19,"column":3}}},"1":{"name":"(anonymous_1)","decl":{"start":{"line":27,"column":2},"end":{"line":27,"column":7}},"loc":{"start":{"line":27,"column":52},"end":{"line":34,"column":3}}},"2":{"name":"(anonymous_2)","decl":{"start":{"line":28,"column":33},"end":{"line":28,"column":34}},"loc":{"start":{"line":28,"column":45},"end":{"line":31,"column":6}}},"3":{"name":"(anonymous_3)","decl":{"start":{"line":42,"column":2},"end":{"line":42,"column":7}},"loc":{"start":{"line":42,"column":46},"end":{"line":48,"column":3}}},"4":{"name":"(anonymous_4)","decl":{"start":{"line":57,"column":2},"end":{"line":57,"column":7}},"loc":{"start":{"line":57,"column":59},"end":{"line":59,"column":3}}},"5":{"name":"(anonymous_5)","decl":{"start":{"line":68,"column":2},"end":{"line":68,"column":7}},"loc":{"start":{"line":71,"column":23},"end":{"line":74,"column":3}}},"6":{"name":"(anonymous_6)","decl":{"start":{"line":81,"column":2},"end":{"line":81,"column":7}},"loc":{"start":{"line":81,"column":34},"end":{"line":83,"column":3}}},"7":{"name":"(anonymous_7)","decl":{"start":{"line":92,"column":2},"end":{"line":92,"column":7}},"loc":{"start":{"line":95,"column":23},"end":{"line":98,"column":3}}},"8":{"name":"(anonymous_8)","decl":{"start":{"line":107,"column":2},"end":{"line":107,"column":7}},"loc":{"start":{"line":110,"column":23},"end":{"line":130,"column":3}}},"9":{"name":"(anonymous_9)","decl":{"start":{"line":137,"column":2},"end":{"line":137,"column":7}},"loc":{"start":{"line":137,"column":45},"end":{"line":143,"column":3}}},"10":{"name":"(anonymous_10)","decl":{"start":{"line":152,"column":2},"end":{"line":152,"column":7}},"loc":{"start":{"line":155,"column":23},"end":{"line":162,"column":3}}},"11":{"name":"(anonymous_11)","decl":{"start":{"line":171,"column":2},"end":{"line":171,"column":7}},"loc":{"start":{"line":174,"column":23},"end":{"line":177,"column":3}}},"12":{"name":"(anonymous_12)","decl":{"start":{"line":186,"column":2},"end":{"line":186,"column":7}},"loc":{"start":{"line":189,"column":23},"end":{"line":196,"column":3}}}},"branchMap":{"0":{"loc":{"start":{"line":12,"column":39},"end":{"line":12,"column":58}},"type":"default-arg","locations":[{"start":{"line":12,"column":56},"end":{"line":12,"column":58}}]},"1":{"loc":{"start":{"line":27,"column":33},"end":{"line":27,"column":52}},"type":"default-arg","locations":[{"start":{"line":27,"column":50},"end":{"line":27,"column":52}}]},"2":{"loc":{"start":{"line":42,"column":27},"end":{"line":42,"column":46}},"type":"default-arg","locations":[{"start":{"line":42,"column":44},"end":{"line":42,"column":46}}]},"3":{"loc":{"start":{"line":57,"column":40},"end":{"line":57,"column":59}},"type":"default-arg","locations":[{"start":{"line":57,"column":57},"end":{"line":57,"column":59}}]},"4":{"loc":{"start":{"line":71,"column":4},"end":{"line":71,"column":23}},"type":"default-arg","locations":[{"start":{"line":71,"column":21},"end":{"line":71,"column":23}}]},"5":{"loc":{"start":{"line":81,"column":15},"end":{"line":81,"column":34}},"type":"default-arg","locations":[{"start":{"line":81,"column":32},"end":{"line":81,"column":34}}]},"6":{"loc":{"start":{"line":95,"column":4},"end":{"line":95,"column":23}},"type":"default-arg","locations":[{"start":{"line":95,"column":21},"end":{"line":95,"column":23}}]},"7":{"loc":{"start":{"line":110,"column":4},"end":{"line":110,"column":23}},"type":"default-arg","locations":[{"start":{"line":110,"column":21},"end":{"line":110,"column":23}}]},"8":{"loc":{"start":{"line":123,"column":6},"end":{"line":127,"column":7}},"type":"if","locations":[{"start":{"line":123,"column":6},"end":{"line":127,"column":7}},{"start":{"line":125,"column":13},"end":{"line":127,"column":7}}]},"9":{"loc":{"start":{"line":137,"column":26},"end":{"line":137,"column":45}},"type":"default-arg","locations":[{"start":{"line":137,"column":43},"end":{"line":137,"column":45}}]},"10":{"loc":{"start":{"line":142,"column":11},"end":{"line":142,"column":45}},"type":"cond-expr","locations":[{"start":{"line":142,"column":20},"end":{"line":142,"column":38}},{"start":{"line":142,"column":41},"end":{"line":142,"column":45}}]},"11":{"loc":{"start":{"line":155,"column":4},"end":{"line":155,"column":23}},"type":"default-arg","locations":[{"start":{"line":155,"column":21},"end":{"line":155,"column":23}}]},"12":{"loc":{"start":{"line":174,"column":4},"end":{"line":174,"column":23}},"type":"default-arg","locations":[{"start":{"line":174,"column":21},"end":{"line":174,"column":23}}]},"13":{"loc":{"start":{"line":189,"column":4},"end":{"line":189,"column":23}},"type":"default-arg","locations":[{"start":{"line":189,"column":21},"end":{"line":189,"column":23}}]}},"s":{"0":4,"1":1,"2":1,"3":1,"4":2,"5":1,"6":1,"7":1,"8":1,"9":1,"10":1,"11":1,"12":1,"13":1,"14":1,"15":1,"16":1,"17":2,"18":2,"19":2,"20":2,"21":0,"22":1,"23":1,"24":1,"25":1,"26":1,"27":1,"28":4},"f":{"0":1,"1":1,"2":2,"3":1,"4":1,"5":1,"6":1,"7":1,"8":1,"9":1,"10":1,"11":1,"12":1},"b":{"0":[1],"1":[1],"2":[1],"3":[1],"4":[1],"5":[1],"6":[1],"7":[1],"8":[2,0],"9":[1],"10":[1,0],"11":[1],"12":[1],"13":[1]}}
,"/media/plyue/662C8A672C8A31DB6/package/npm/TempRedisTools/src/TSRedisCacheKit/String.ts": {"path":"/media/plyue/662C8A672C8A31DB6/package/npm/TempRedisTools/src/TSRedisCacheKit/String.ts","statementMap":{"0":{"start":{"line":1,"column":0},"end":{"line":1,"column":35}},"1":{"start":{"line":12,"column":21},"end":{"line":12,"column":40}},"2":{"start":{"line":13,"column":23},"end":{"line":13,"column":47}},"3":{"start":{"line":14,"column":4},"end":{"line":18,"column":5}},"4":{"start":{"line":15,"column":6},"end":{"line":15,"column":66}},"5":{"start":{"line":17,"column":6},"end":{"line":17,"column":56}},"6":{"start":{"line":27,"column":4},"end":{"line":27,"column":53}},"7":{"start":{"line":36,"column":4},"end":{"line":36,"column":56}},"8":{"start":{"line":45,"column":4},"end":{"line":45,"column":53}},"9":{"start":{"line":55,"column":4},"end":{"line":55,"column":67}},"10":{"start":{"line":65,"column":4},"end":{"line":65,"column":67}},"11":{"start":{"line":75,"column":21},"end":{"line":75,"column":40}},"12":{"start":{"line":76,"column":23},"end":{"line":76,"column":47}},"13":{"start":{"line":77,"column":4},"end":{"line":77,"column":57}},"14":{"start":{"line":88,"column":27},"end":{"line":91,"column":6}},"15":{"start":{"line":88,"column":69},"end":{"line":91,"column":6}},"16":{"start":{"line":92,"column":4},"end":{"line":92,"column":49}},"17":{"start":{"line":101,"column":22},"end":{"line":101,"column":60}},"18":{"start":{"line":101,"column":40},"end":{"line":101,"column":59}},"19":{"start":{"line":102,"column":4},"end":{"line":102,"column":44}},"20":{"start":{"line":112,"column":21},"end":{"line":112,"column":40}},"21":{"start":{"line":113,"column":23},"end":{"line":113,"column":47}},"22":{"start":{"line":114,"column":4},"end":{"line":114,"column":56}},"23":{"start":{"line":129,"column":21},"end":{"line":129,"column":40}},"24":{"start":{"line":130,"column":23},"end":{"line":130,"column":47}},"25":{"start":{"line":131,"column":4},"end":{"line":131,"column":70}},"26":{"start":{"line":3,"column":0},"end":{"line":3,"column":13}}},"fnMap":{"0":{"name":"(anonymous_0)","decl":{"start":{"line":11,"column":2},"end":{"line":11,"column":7}},"loc":{"start":{"line":11,"column":52},"end":{"line":19,"column":3}}},"1":{"name":"(anonymous_1)","decl":{"start":{"line":26,"column":2},"end":{"line":26,"column":7}},"loc":{"start":{"line":26,"column":23},"end":{"line":28,"column":3}}},"2":{"name":"(anonymous_2)","decl":{"start":{"line":35,"column":2},"end":{"line":35,"column":7}},"loc":{"start":{"line":35,"column":26},"end":{"line":37,"column":3}}},"3":{"name":"(anonymous_3)","decl":{"start":{"line":44,"column":2},"end":{"line":44,"column":7}},"loc":{"start":{"line":44,"column":26},"end":{"line":46,"column":3}}},"4":{"name":"(anonymous_4)","decl":{"start":{"line":54,"column":2},"end":{"line":54,"column":7}},"loc":{"start":{"line":54,"column":52},"end":{"line":56,"column":3}}},"5":{"name":"(anonymous_5)","decl":{"start":{"line":64,"column":2},"end":{"line":64,"column":7}},"loc":{"start":{"line":64,"column":52},"end":{"line":66,"column":3}}},"6":{"name":"(anonymous_6)","decl":{"start":{"line":74,"column":2},"end":{"line":74,"column":7}},"loc":{"start":{"line":74,"column":38},"end":{"line":78,"column":3}}},"7":{"name":"(anonymous_7)","decl":{"start":{"line":85,"column":2},"end":{"line":85,"column":7}},"loc":{"start":{"line":86,"column":48},"end":{"line":93,"column":3}}},"8":{"name":"(anonymous_8)","decl":{"start":{"line":88,"column":49},"end":{"line":88,"column":50}},"loc":{"start":{"line":88,"column":69},"end":{"line":91,"column":6}}},"9":{"name":"(anonymous_9)","decl":{"start":{"line":100,"column":2},"end":{"line":100,"column":7}},"loc":{"start":{"line":100,"column":34},"end":{"line":103,"column":3}}},"10":{"name":"(anonymous_10)","decl":{"start":{"line":101,"column":31},"end":{"line":101,"column":32}},"loc":{"start":{"line":101,"column":40},"end":{"line":101,"column":59}}},"11":{"name":"(anonymous_11)","decl":{"start":{"line":111,"column":2},"end":{"line":111,"column":7}},"loc":{"start":{"line":111,"column":37},"end":{"line":115,"column":3}}},"12":{"name":"(anonymous_12)","decl":{"start":{"line":124,"column":2},"end":{"line":124,"column":7}},"loc":{"start":{"line":127,"column":14},"end":{"line":132,"column":3}}}},"branchMap":{"0":{"loc":{"start":{"line":11,"column":37},"end":{"line":11,"column":52}},"type":"default-arg","locations":[{"start":{"line":11,"column":50},"end":{"line":11,"column":52}}]},"1":{"loc":{"start":{"line":14,"column":4},"end":{"line":18,"column":5}},"type":"if","locations":[{"start":{"line":14,"column":4},"end":{"line":18,"column":5}},{"start":{"line":16,"column":11},"end":{"line":18,"column":5}}]},"2":{"loc":{"start":{"line":54,"column":31},"end":{"line":54,"column":52}},"type":"default-arg","locations":[{"start":{"line":54,"column":51},"end":{"line":54,"column":52}}]},"3":{"loc":{"start":{"line":64,"column":31},"end":{"line":64,"column":52}},"type":"default-arg","locations":[{"start":{"line":64,"column":51},"end":{"line":64,"column":52}}]}},"s":{"0":4,"1":2,"2":2,"3":2,"4":1,"5":1,"6":1,"7":1,"8":1,"9":1,"10":1,"11":1,"12":1,"13":1,"14":1,"15":2,"16":1,"17":1,"18":2,"19":1,"20":1,"21":1,"22":1,"23":1,"24":1,"25":1,"26":4},"f":{"0":2,"1":1,"2":1,"3":1,"4":1,"5":1,"6":1,"7":1,"8":2,"9":1,"10":2,"11":1,"12":1},"b":{"0":[1],"1":[1,1],"2":[0],"3":[0]}}
,"/media/plyue/662C8A672C8A31DB6/package/npm/TempRedisTools/src/TSRedisCacheKit/base.ts": {"path":"/media/plyue/662C8A672C8A31DB6/package/npm/TempRedisTools/src/TSRedisCacheKit/base.ts","statementMap":{"0":{"start":{"line":19,"column":4},"end":{"line":19,"column":25}},"1":{"start":{"line":20,"column":4},"end":{"line":20,"column":29}},"2":{"start":{"line":21,"column":4},"end":{"line":21,"column":25}},"3":{"start":{"line":30,"column":20},"end":{"line":30,"column":83}},"4":{"start":{"line":31,"column":4},"end":{"line":33,"column":16}},"5":{"start":{"line":42,"column":4},"end":{"line":49,"column":5}},"6":{"start":{"line":44,"column":8},"end":{"line":44,"column":36}},"7":{"start":{"line":46,"column":8},"end":{"line":46,"column":39}},"8":{"start":{"line":48,"column":8},"end":{"line":48,"column":28}},"9":{"start":{"line":57,"column":4},"end":{"line":57,"column":33}},"10":{"start":{"line":68,"column":21},"end":{"line":68,"column":39}},"11":{"start":{"line":69,"column":4},"end":{"line":69,"column":23}},"12":{"start":{"line":70,"column":4},"end":{"line":70,"column":27}},"13":{"start":{"line":7,"column":0},"end":{"line":7,"column":13}}},"fnMap":{"0":{"name":"(anonymous_0)","decl":{"start":{"line":18,"column":2},"end":{"line":18,"column":14}},"loc":{"start":{"line":18,"column":75},"end":{"line":22,"column":3}}},"1":{"name":"(anonymous_1)","decl":{"start":{"line":29,"column":2},"end":{"line":29,"column":11}},"loc":{"start":{"line":29,"column":46},"end":{"line":34,"column":3}}},"2":{"name":"(anonymous_2)","decl":{"start":{"line":41,"column":12},"end":{"line":41,"column":24}},"loc":{"start":{"line":41,"column":34},"end":{"line":50,"column":3}}},"3":{"name":"(anonymous_3)","decl":{"start":{"line":56,"column":2},"end":{"line":56,"column":16}},"loc":{"start":{"line":56,"column":16},"end":{"line":58,"column":3}}},"4":{"name":"(anonymous_4)","decl":{"start":{"line":65,"column":2},"end":{"line":65,"column":7}},"loc":{"start":{"line":66,"column":52},"end":{"line":71,"column":3}}}},"branchMap":{"0":{"loc":{"start":{"line":31,"column":11},"end":{"line":33,"column":15}},"type":"cond-expr","locations":[{"start":{"line":32,"column":8},"end":{"line":32,"column":30}},{"start":{"line":33,"column":8},"end":{"line":33,"column":15}}]},"1":{"loc":{"start":{"line":31,"column":11},"end":{"line":31,"column":67}},"type":"binary-expr","locations":[{"start":{"line":31,"column":11},"end":{"line":31,"column":31}},{"start":{"line":31,"column":35},"end":{"line":31,"column":50}},{"start":{"line":31,"column":54},"end":{"line":31,"column":67}}]},"2":{"loc":{"start":{"line":42,"column":4},"end":{"line":49,"column":5}},"type":"switch","locations":[{"start":{"line":43,"column":6},"end":{"line":44,"column":36}},{"start":{"line":45,"column":6},"end":{"line":46,"column":39}},{"start":{"line":47,"column":6},"end":{"line":48,"column":28}}]},"3":{"loc":{"start":{"line":46,"column":15},"end":{"line":46,"column":38}},"type":"cond-expr","locations":[{"start":{"line":46,"column":22},"end":{"line":46,"column":28}},{"start":{"line":46,"column":31},"end":{"line":46,"column":38}}]}},"s":{"0":128,"1":128,"2":128,"3":182,"4":182,"5":39,"6":1,"7":1,"8":37,"9":1,"10":1,"11":1,"12":1,"13":16},"f":{"0":128,"1":182,"2":39,"3":1,"4":1},"b":{"0":[158,24],"1":[182,181,181],"2":[1,1,37],"3":[1,0]}}
,"/media/plyue/662C8A672C8A31DB6/package/npm/TempRedisTools/src/tools/time.ts": {"path":"/media/plyue/662C8A672C8A31DB6/package/npm/TempRedisTools/src/tools/time.ts","statementMap":{"0":{"start":{"line":49,"column":0},"end":{"line":49,"column":16}},"1":{"start":{"line":64,"column":0},"end":{"line":64,"column":16}},"2":{"start":{"line":75,"column":0},"end":{"line":75,"column":16}},"3":{"start":{"line":86,"column":0},"end":{"line":86,"column":16}},"4":{"start":{"line":90,"column":15},"end":{"line":90,"column":35}},"5":{"start":{"line":5,"column":13},"end":{"line":27,"column":2}},"6":{"start":{"line":16,"column":4},"end":{"line":25,"column":5}},"7":{"start":{"line":18,"column":8},"end":{"line":18,"column":52}},"8":{"start":{"line":20,"column":8},"end":{"line":20,"column":57}},"9":{"start":{"line":22,"column":8},"end":{"line":22,"column":62}},"10":{"start":{"line":24,"column":8},"end":{"line":24,"column":67}},"11":{"start":{"line":90,"column":9},"end":{"line":90,"column":13}},"12":{"start":{"line":30,"column":20},"end":{"line":30,"column":38}},"13":{"start":{"line":31,"column":2},"end":{"line":40,"column":3}},"14":{"start":{"line":33,"column":6},"end":{"line":33,"column":38}},"15":{"start":{"line":35,"column":6},"end":{"line":35,"column":33}},"16":{"start":{"line":37,"column":6},"end":{"line":37,"column":28}},"17":{"start":{"line":39,"column":6},"end":{"line":39,"column":23}},"18":{"start":{"line":53,"column":15},"end":{"line":53,"column":33}},"19":{"start":{"line":54,"column":16},"end":{"line":54,"column":65}},"20":{"start":{"line":55,"column":14},"end":{"line":55,"column":56}},"21":{"start":{"line":56,"column":2},"end":{"line":56,"column":44}},"22":{"start":{"line":65,"column":22},"end":{"line":65,"column":42}},"23":{"start":{"line":66,"column":15},"end":{"line":66,"column":58}},"24":{"start":{"line":67,"column":2},"end":{"line":67,"column":34}},"25":{"start":{"line":76,"column":15},"end":{"line":76,"column":33}},"26":{"start":{"line":77,"column":16},"end":{"line":77,"column":65}},"27":{"start":{"line":78,"column":2},"end":{"line":78,"column":28}},"28":{"start":{"line":87,"column":2},"end":{"line":87,"column":39}}},"fnMap":{"0":{"name":"(anonymous_0)","decl":{"start":{"line":12,"column":7},"end":{"line":12,"column":null}},"loc":{"start":{"line":15,"column":12},"end":{"line":26,"column":3}}},"1":{"name":"convertUnitToSeconds","decl":{"start":{"line":29,"column":9},"end":{"line":29,"column":29}},"loc":{"start":{"line":29,"column":42},"end":{"line":41,"column":1}}},"2":{"name":"getTodayString","decl":{"start":{"line":49,"column":16},"end":{"line":49,"column":30}},"loc":{"start":{"line":51,"column":25},"end":{"line":57,"column":1}}},"3":{"name":"getCurrentHourString","decl":{"start":{"line":64,"column":16},"end":{"line":64,"column":36}},"loc":{"start":{"line":64,"column":60},"end":{"line":68,"column":1}}},"4":{"name":"getCurrentMonthString","decl":{"start":{"line":75,"column":16},"end":{"line":75,"column":37}},"loc":{"start":{"line":75,"column":61},"end":{"line":79,"column":1}}},"5":{"name":"getCurrentYearString","decl":{"start":{"line":86,"column":16},"end":{"line":86,"column":36}},"loc":{"start":{"line":86,"column":60},"end":{"line":88,"column":1}}}},"branchMap":{"0":{"loc":{"start":{"line":14,"column":4},"end":{"line":14,"column":54}},"type":"default-arg","locations":[{"start":{"line":14,"column":49},"end":{"line":14,"column":54}}]},"1":{"loc":{"start":{"line":16,"column":4},"end":{"line":25,"column":5}},"type":"switch","locations":[{"start":{"line":17,"column":6},"end":{"line":18,"column":52}},{"start":{"line":19,"column":6},"end":{"line":20,"column":57}},{"start":{"line":21,"column":6},"end":{"line":22,"column":62}},{"start":{"line":23,"column":6},"end":{"line":24,"column":67}}]},"2":{"loc":{"start":{"line":31,"column":2},"end":{"line":40,"column":3}},"type":"switch","locations":[{"start":{"line":32,"column":4},"end":{"line":33,"column":38}},{"start":{"line":34,"column":4},"end":{"line":35,"column":33}},{"start":{"line":36,"column":4},"end":{"line":37,"column":28}},{"start":{"line":38,"column":4},"end":{"line":39,"column":23}}]},"3":{"loc":{"start":{"line":50,"column":2},"end":{"line":50,"column":25}},"type":"default-arg","locations":[{"start":{"line":50,"column":15},"end":{"line":50,"column":25}}]},"4":{"loc":{"start":{"line":51,"column":2},"end":{"line":51,"column":25}},"type":"default-arg","locations":[{"start":{"line":51,"column":22},"end":{"line":51,"column":25}}]},"5":{"loc":{"start":{"line":64,"column":37},"end":{"line":64,"column":60}},"type":"default-arg","locations":[{"start":{"line":64,"column":50},"end":{"line":64,"column":60}}]},"6":{"loc":{"start":{"line":75,"column":38},"end":{"line":75,"column":61}},"type":"default-arg","locations":[{"start":{"line":75,"column":51},"end":{"line":75,"column":61}}]},"7":{"loc":{"start":{"line":86,"column":37},"end":{"line":86,"column":60}},"type":"default-arg","locations":[{"start":{"line":86,"column":50},"end":{"line":86,"column":60}}]}},"s":{"0":3,"1":3,"2":3,"3":3,"4":3,"5":3,"6":5,"7":1,"8":1,"9":1,"10":2,"11":3,"12":18,"13":18,"14":1,"15":1,"16":1,"17":15,"18":15,"19":15,"20":15,"21":15,"22":1,"23":1,"24":1,"25":1,"26":1,"27":1,"28":1},"f":{"0":5,"1":18,"2":15,"3":1,"4":1,"5":1},"b":{"0":[1],"1":[1,1,1,2],"2":[1,1,1,15],"3":[0],"4":[14],"5":[0],"6":[0],"7":[0]}}
}
