TN:
SF:src/Limiter/FineGrainedRateLimiter.ts
FN:16,(anonymous_0)
FN:19,(anonymous_1)
FN:22,(anonymous_2)
FN:33,(anonymous_3)
FN:42,(anonymous_4)
FN:58,(anonymous_5)
FN:85,(anonymous_6)
FNF:7
FNH:7
FNDA:4,(anonymous_0)
FNDA:4,(anonymous_1)
FNDA:1,(anonymous_2)
FNDA:2,(anonymous_3)
FNDA:4,(anonymous_4)
FNDA:2,(anonymous_5)
FNDA:3,(anonymous_6)
DA:1,1
DA:2,1
DA:7,1
DA:17,4
DA:18,4
DA:19,4
DA:20,4
DA:26,1
DA:34,2
DA:35,2
DA:36,2
DA:37,2
DA:38,2
DA:41,2
DA:42,2
DA:43,4
DA:49,2
DA:59,2
DA:60,9
DA:61,9
DA:63,9
DA:64,9
DA:65,0
DA:66,0
DA:67,0
DA:68,0
DA:69,0
DA:77,2
DA:86,3
DA:87,3
DA:88,1
DA:89,1
DA:90,1
LF:33
LH:28
BRDA:24,0,0,1
BRDA:64,1,0,0
BRDA:66,2,0,0
BRDA:87,3,0,1
BRF:4
BRH:2
end_of_record
TN:
SF:src/Limiter/FixedWindowRateLimiter.ts
FN:17,(anonymous_0)
FN:33,(anonymous_1)
FNF:2
FNH:2
FNDA:7,(anonymous_0)
FNDA:5,(anonymous_1)
DA:1,1
DA:7,1
DA:22,7
DA:23,7
DA:24,7
DA:37,5
DA:38,5
DA:40,2
DA:42,5
DA:43,5
DA:45,2
DA:49,3
LF:12
LH:12
BRDA:19,0,0,6
BRDA:20,1,0,6
BRDA:38,2,0,2
BRDA:42,3,0,5
BRDA:42,3,1,4
BRDA:43,4,0,2
BRF:6
BRH:6
end_of_record
TN:
SF:src/Limiter/LeakyBucketRateLimiter.ts
FN:9,(anonymous_0)
FN:15,(anonymous_1)
FN:23,(anonymous_2)
FN:27,(anonymous_3)
FN:36,(anonymous_4)
FNF:5
FNH:5
FNDA:9,(anonymous_0)
FNDA:7,(anonymous_1)
FNDA:5,(anonymous_2)
FNDA:3,(anonymous_3)
FNDA:2,(anonymous_4)
DA:1,1
DA:5,1
DA:10,9
DA:11,9
DA:12,9
DA:16,7
DA:17,7
DA:24,5
DA:28,3
DA:29,3
DA:30,3
DA:31,3
DA:32,3
DA:33,3
DA:37,2
DA:38,2
DA:39,2
DA:40,1
DA:41,1
DA:43,1
LF:20
LH:20
BRDA:9,0,0,8
BRDA:9,1,0,8
BRDA:18,2,0,6
BRDA:18,2,1,1
BRDA:19,3,0,6
BRDA:19,3,1,1
BRDA:39,4,0,1
BRDA:39,4,1,1
BRF:8
BRH:8
end_of_record
TN:
SF:src/Limiter/SlidingWindowRateLimiter.ts
FN:20,(anonymous_0)
FN:33,(anonymous_1)
FN:48,(anonymous_2)
FN:57,(anonymous_3)
FNF:4
FNH:3
FNDA:7,(anonymous_0)
FNDA:4,(anonymous_1)
FNDA:0,(anonymous_2)
FNDA:3,(anonymous_3)
DA:1,1
DA:7,1
DA:27,7
DA:28,7
DA:29,7
DA:30,7
DA:31,7
DA:35,4
DA:39,4
DA:44,4
DA:45,4
DA:49,0
DA:66,3
DA:67,3
DA:68,3
DA:73,3
DA:74,3
DA:76,2
DA:81,1
LF:19
LH:18
BRDA:22,0,0,6
BRDA:23,1,0,6
BRDA:24,2,0,6
BRDA:25,3,0,6
BRDA:44,4,0,4
BRDA:48,5,0,0
BRDA:73,6,0,3
BRDA:73,6,1,2
BRDA:74,7,0,2
BRF:9
BRH:8
end_of_record
TN:
SF:src/Limiter/TokenBucketRateLimiter.ts
FN:8,(anonymous_0)
FN:18,(anonymous_1)
FN:23,(anonymous_2)
FN:27,(anonymous_3)
FN:37,(anonymous_4)
FNF:5
FNH:5
FNDA:9,(anonymous_0)
FNDA:4,(anonymous_1)
FNDA:3,(anonymous_2)
FNDA:1,(anonymous_3)
FNDA:2,(anonymous_4)
DA:1,1
DA:4,1
DA:13,9
DA:14,9
DA:15,9
DA:19,4
DA:20,4
DA:24,3
DA:28,1
DA:29,1
DA:30,1
DA:34,1
DA:38,2
DA:39,2
DA:40,1
DA:41,1
DA:43,1
LF:17
LH:17
BRDA:10,0,0,8
BRDA:11,1,0,8
BRDA:20,2,0,3
BRDA:20,2,1,1
BRDA:39,3,0,1
BRDA:39,3,1,1
BRF:6
BRH:6
end_of_record
TN:
SF:src/Lock/RedisLock.ts
FN:15,(anonymous_0)
FN:28,(anonymous_1)
FN:57,(anonymous_2)
FN:82,(anonymous_3)
FN:83,(anonymous_4)
FNF:5
FNH:5
FNDA:4,(anonymous_0)
FNDA:2,(anonymous_1)
FNDA:2,(anonymous_2)
FNDA:3,(anonymous_3)
FNDA:3,(anonymous_4)
DA:16,4
DA:17,4
DA:18,4
DA:19,4
DA:32,2
DA:34,2
DA:35,4
DA:42,4
DA:43,1
DA:46,3
DA:47,3
DA:50,1
DA:59,2
DA:68,2
DA:74,2
DA:83,3
DA:87,1
LF:17
LH:17
BRDA:15,0,0,4
BRDA:29,1,0,1
BRDA:30,2,0,1
BRDA:34,3,0,5
BRDA:34,3,1,5
BRDA:42,4,0,1
BRF:6
BRH:6
end_of_record
TN:
SF:src/Ranking/CompositeLeaderboard.ts
FN:19,(anonymous_0)
FN:32,(anonymous_1)
FN:42,(anonymous_2)
FN:56,(anonymous_3)
FN:66,(anonymous_4)
FN:80,(anonymous_5)
FN:91,(anonymous_6)
FN:102,(anonymous_7)
FN:127,(anonymous_8)
FN:135,(anonymous_9)
FN:148,(anonymous_10)
FNF:11
FNH:11
FNDA:4,(anonymous_0)
FNDA:3,(anonymous_1)
FNDA:3,(anonymous_2)
FNDA:4,(anonymous_3)
FNDA:4,(anonymous_4)
FNDA:1,(anonymous_5)
FNDA:1,(anonymous_6)
FNDA:1,(anonymous_7)
FNDA:1,(anonymous_8)
FNDA:2,(anonymous_9)
FNDA:1,(anonymous_10)
DA:2,1
DA:3,1
DA:8,1
DA:20,4
DA:21,4
DA:22,4
DA:23,4
DA:33,3
DA:43,3
DA:44,3
DA:45,3
DA:47,3
DA:57,4
DA:67,4
DA:68,4
DA:69,3
DA:71,4
DA:81,1
DA:82,1
DA:92,1
DA:93,1
DA:106,1
DA:107,1
DA:109,1
DA:110,1
DA:113,1
DA:114,1
DA:117,1
DA:118,1
DA:131,1
DA:132,1
DA:134,1
DA:136,2
DA:140,2
DA:141,2
DA:148,1
DA:149,1
LF:37
LH:37
BRDA:44,0,0,3
BRDA:68,1,0,3
BRDA:113,2,0,1
BRDA:113,2,1,0
BRDA:114,3,0,1
BRDA:114,3,1,0
BRDA:118,4,0,1
BRDA:118,4,1,0
BRDA:140,5,0,2
BRDA:140,5,1,0
BRF:10
BRH:6
end_of_record
TN:
SF:src/Ranking/Leaderboard.ts
FN:13,(anonymous_0)
FN:27,(anonymous_1)
FN:35,(anonymous_2)
FN:44,(anonymous_3)
FN:58,(anonymous_4)
FN:67,(anonymous_5)
FNF:6
FNH:6
FNDA:5,(anonymous_0)
FNDA:1,(anonymous_1)
FNDA:1,(anonymous_2)
FNDA:1,(anonymous_3)
FNDA:1,(anonymous_4)
FNDA:1,(anonymous_5)
DA:2,2
DA:4,2
DA:14,5
DA:15,5
DA:28,1
DA:36,1
DA:45,1
DA:49,1
DA:50,1
DA:59,1
DA:68,1
LF:11
LH:11
BRF:0
BRH:0
end_of_record
TN:
SF:src/Ranking/RatingSystem.ts
FN:13,(anonymous_0)
FN:27,(anonymous_1)
FN:36,(anonymous_2)
FN:45,(anonymous_3)
FN:55,(anonymous_4)
FNF:5
FNH:5
FNDA:4,(anonymous_0)
FNDA:1,(anonymous_1)
FNDA:1,(anonymous_2)
FNDA:1,(anonymous_3)
FNDA:1,(anonymous_4)
DA:2,2
DA:4,2
DA:14,4
DA:15,4
DA:28,1
DA:37,1
DA:46,1
DA:47,1
DA:56,1
LF:9
LH:9
BRF:0
BRH:0
end_of_record
TN:
SF:src/RedisMonitor/RedisMonitor.ts
FN:7,(anonymous_0)
FN:16,(anonymous_1)
FN:22,(anonymous_2)
FN:35,(anonymous_3)
FNF:4
FNH:4
FNDA:5,(anonymous_0)
FNDA:5,(anonymous_1)
FNDA:2,(anonymous_2)
FNDA:2,(anonymous_3)
DA:3,1
DA:5,5
DA:8,5
DA:17,5
DA:18,1
DA:19,1
DA:22,4
DA:23,2
DA:24,2
DA:25,1
DA:27,1
DA:36,2
DA:37,1
DA:38,1
DA:40,1
LF:15
LH:15
BRDA:17,0,0,1
BRDA:36,1,0,1
BRDA:36,1,1,1
BRF:3
BRH:3
end_of_record
TN:
SF:src/Statistic/base.ts
FN:36,(anonymous_0)
FN:48,(anonymous_1)
FN:58,(anonymous_2)
FN:68,(anonymous_3)
FNF:4
FNH:4
FNDA:16,(anonymous_0)
FNDA:16,(anonymous_1)
FNDA:3,(anonymous_2)
FNDA:16,(anonymous_3)
DA:3,2
DA:24,2
DA:28,16
DA:37,16
DA:38,16
DA:39,16
DA:49,16
DA:50,16
DA:59,3
DA:60,3
DA:69,16
DA:70,16
DA:72,0
DA:76,0
DA:80,1
DA:82,13
DA:85,0
DA:88,0
DA:90,1
DA:92,1
DA:94,0
LF:21
LH:16
BRDA:70,0,0,0
BRDA:70,0,1,0
BRDA:70,0,2,1
BRDA:70,0,3,13
BRDA:70,0,4,0
BRDA:70,0,5,1
BRDA:70,0,6,1
BRDA:70,0,7,0
BRF:8
BRH:4
end_of_record
TN:
SF:src/Statistic/busines.ts
FN:16,(anonymous_0)
FN:25,(anonymous_1)
FN:34,(anonymous_2)
FN:51,(anonymous_3)
FN:60,(anonymous_4)
FN:70,(anonymous_5)
FN:80,(anonymous_6)
FN:89,(anonymous_7)
FN:100,(anonymous_8)
FN:117,(anonymous_9)
FN:125,(anonymous_10)
FN:134,(anonymous_11)
FN:152,(anonymous_12)
FN:160,(anonymous_13)
FN:169,(anonymous_14)
FN:187,(anonymous_15)
FN:196,(anonymous_16)
FN:205,(anonymous_17)
FNF:18
FNH:17
FNDA:2,(anonymous_0)
FNDA:1,(anonymous_1)
FNDA:1,(anonymous_2)
FNDA:4,(anonymous_3)
FNDA:1,(anonymous_4)
FNDA:1,(anonymous_5)
FNDA:0,(anonymous_6)
FNDA:1,(anonymous_7)
FNDA:1,(anonymous_8)
FNDA:2,(anonymous_9)
FNDA:1,(anonymous_10)
FNDA:1,(anonymous_11)
FNDA:2,(anonymous_12)
FNDA:1,(anonymous_13)
FNDA:1,(anonymous_14)
FNDA:2,(anonymous_15)
FNDA:1,(anonymous_16)
FNDA:1,(anonymous_17)
DA:2,1
DA:9,1
DA:17,2
DA:26,1
DA:27,1
DA:35,1
DA:36,1
DA:44,1
DA:52,4
DA:61,1
DA:62,1
DA:63,1
DA:71,1
DA:72,1
DA:81,0
DA:90,1
DA:91,1
DA:92,1
DA:101,1
DA:102,1
DA:110,1
DA:118,2
DA:126,1
DA:127,1
DA:135,1
DA:136,1
DA:137,1
DA:145,1
DA:153,2
DA:161,1
DA:162,1
DA:170,1
DA:171,1
DA:172,1
DA:180,1
DA:188,2
DA:197,1
DA:198,1
DA:206,1
DA:207,1
LF:40
LH:39
BRDA:137,0,0,1
BRDA:137,0,1,0
BRDA:172,1,0,1
BRDA:172,1,1,0
BRF:4
BRH:2
end_of_record
TN:
SF:src/TSRedisCacheKit/BitField.ts
FN:11,(anonymous_0)
FN:30,(anonymous_1)
FN:40,(anonymous_2)
FN:60,(anonymous_3)
FNF:4
FNH:4
FNDA:1,(anonymous_0)
FNDA:1,(anonymous_1)
FNDA:3,(anonymous_2)
FNDA:1,(anonymous_3)
DA:2,1
DA:3,1
DA:16,1
DA:21,1
DA:31,1
DA:41,3
DA:42,3
DA:44,3
DA:45,1
DA:46,2
DA:47,1
DA:49,1
DA:65,1
LF:13
LH:13
BRDA:14,0,0,0
BRDA:19,1,0,1
BRDA:19,1,1,0
BRDA:30,2,0,0
BRDA:40,3,0,0
BRDA:44,4,0,1
BRDA:44,4,1,2
BRDA:46,5,0,1
BRDA:46,5,1,1
BRF:9
BRH:5
end_of_record
TN:
SF:src/TSRedisCacheKit/Hash.ts
FN:11,(anonymous_0)
FN:30,(anonymous_1)
FN:43,(anonymous_2)
FN:46,(anonymous_3)
FN:56,(anonymous_4)
FN:66,(anonymous_5)
FN:76,(anonymous_6)
FN:85,(anonymous_7)
FN:94,(anonymous_8)
FN:96,(anonymous_9)
FN:106,(anonymous_10)
FN:121,(anonymous_11)
FNF:12
FNH:12
FNDA:1,(anonymous_0)
FNDA:1,(anonymous_1)
FNDA:1,(anonymous_2)
FNDA:2,(anonymous_3)
FNDA:1,(anonymous_4)
FNDA:1,(anonymous_5)
FNDA:1,(anonymous_6)
FNDA:1,(anonymous_7)
FNDA:1,(anonymous_8)
FNDA:2,(anonymous_9)
FNDA:1,(anonymous_10)
FNDA:1,(anonymous_11)
DA:1,1
DA:3,1
DA:16,1
DA:21,1
DA:34,1
DA:35,1
DA:44,1
DA:45,1
DA:46,2
DA:57,1
DA:67,1
DA:68,1
DA:77,1
DA:86,1
DA:95,1
DA:96,2
DA:111,1
DA:126,1
LF:18
LH:18
BRDA:14,0,0,0
BRDA:32,1,0,0
BRDA:35,2,0,1
BRDA:35,2,1,0
BRDA:43,3,0,0
BRDA:56,4,0,0
BRDA:66,5,0,0
BRDA:76,6,0,0
BRDA:85,7,0,0
BRDA:94,8,0,0
BRDA:109,9,0,0
BRDA:124,10,0,0
BRF:12
BRH:1
end_of_record
TN:
SF:src/TSRedisCacheKit/HyperLogLog.ts
FN:10,(anonymous_0)
FN:11,(anonymous_1)
FN:21,(anonymous_2)
FN:31,(anonymous_3)
FN:34,(anonymous_4)
FN:44,(anonymous_5)
FN:55,(anonymous_6)
FN:68,(anonymous_7)
FNF:8
FNH:8
FNDA:1,(anonymous_0)
FNDA:2,(anonymous_1)
FNDA:1,(anonymous_2)
FNDA:1,(anonymous_3)
FNDA:2,(anonymous_4)
FNDA:1,(anonymous_5)
FNDA:1,(anonymous_6)
FNDA:1,(anonymous_7)
DA:1,1
DA:3,1
DA:11,2
DA:12,1
DA:13,1
DA:22,1
DA:32,1
DA:34,2
DA:36,1
DA:45,1
DA:46,1
DA:56,1
DA:60,1
DA:69,1
LF:14
LH:14
BRDA:10,0,0,0
BRDA:21,1,0,0
BRDA:31,2,0,0
BRDA:44,3,0,0
BRDA:68,4,0,0
BRF:5
BRH:0
end_of_record
TN:
SF:src/TSRedisCacheKit/List.ts
FN:10,(anonymous_0)
FN:11,(anonymous_1)
FN:20,(anonymous_2)
FN:29,(anonymous_3)
FN:40,(anonymous_4)
FN:54,(anonymous_5)
FN:55,(anonymous_6)
FN:64,(anonymous_7)
FN:75,(anonymous_8)
FN:90,(anonymous_9)
FN:105,(anonymous_10)
FN:125,(anonymous_11)
FNF:12
FNH:12
FNDA:2,(anonymous_0)
FNDA:4,(anonymous_1)
FNDA:1,(anonymous_2)
FNDA:6,(anonymous_3)
FNDA:3,(anonymous_4)
FNDA:1,(anonymous_5)
FNDA:3,(anonymous_6)
FNDA:1,(anonymous_7)
FNDA:1,(anonymous_8)
FNDA:1,(anonymous_9)
FNDA:1,(anonymous_10)
FNDA:2,(anonymous_11)
DA:1,2
DA:3,2
DA:11,4
DA:12,2
DA:21,1
DA:30,6
DA:45,3
DA:55,3
DA:56,1
DA:65,1
DA:80,1
DA:91,1
DA:110,1
DA:131,2
DA:132,2
DA:133,2
DA:135,2
DA:136,1
DA:137,1
DA:138,1
DA:140,0
LF:21
LH:20
BRDA:10,0,0,0
BRDA:20,1,0,0
BRDA:29,2,0,0
BRDA:43,3,0,0
BRDA:54,4,0,0
BRDA:64,5,0,0
BRDA:78,6,0,0
BRDA:90,7,0,0
BRDA:108,8,0,0
BRDA:129,9,0,0
BRDA:135,10,0,1
BRDA:135,10,1,1
BRDA:137,11,0,1
BRDA:137,11,1,0
BRF:14
BRH:3
end_of_record
TN:
SF:src/TSRedisCacheKit/PubSub.ts
FN:24,(anonymous_7)
FN:28,(anonymous_8)
FN:36,(anonymous_9)
FN:44,(anonymous_10)
FN:50,(anonymous_11)
FN:64,(anonymous_12)
FN:75,(anonymous_13)
FN:89,(anonymous_14)
FN:100,(anonymous_15)
FN:114,(anonymous_16)
FN:135,(anonymous_17)
FN:162,(anonymous_18)
FNF:12
FNH:8
FNDA:0,(anonymous_7)
FNDA:0,(anonymous_8)
FNDA:0,(anonymous_9)
FNDA:0,(anonymous_10)
FNDA:6,(anonymous_11)
FNDA:3,(anonymous_12)
FNDA:3,(anonymous_13)
FNDA:2,(anonymous_14)
FNDA:3,(anonymous_15)
FNDA:2,(anonymous_16)
FNDA:1,(anonymous_17)
FNDA:1,(anonymous_18)
DA:2,1
DA:4,1
DA:5,1
DA:7,1
DA:9,17
DA:21,17
DA:22,17
DA:23,17
DA:24,17
DA:25,17
DA:28,17
DA:29,0
DA:30,0
DA:31,0
DA:36,17
DA:37,0
DA:38,0
DA:39,0
DA:44,17
DA:45,0
DA:46,0
DA:54,6
DA:55,6
DA:56,6
DA:57,6
DA:59,2
DA:60,2
DA:65,3
DA:66,3
DA:67,3
DA:68,3
DA:70,2
DA:71,2
DA:79,3
DA:80,3
DA:81,3
DA:82,3
DA:84,1
DA:85,1
DA:90,2
DA:91,2
DA:92,2
DA:93,2
DA:95,1
DA:96,1
DA:101,3
DA:102,3
DA:104,2
DA:110,2
DA:119,2
DA:123,2
DA:124,2
DA:125,1
DA:130,1
DA:131,1
DA:140,1
DA:141,2
DA:142,2
DA:143,2
DA:144,2
DA:145,2
DA:146,1
DA:147,1
DA:149,1
DA:152,1
DA:153,1
DA:154,0
DA:163,1
LF:68
LH:59
BRDA:19,0,0,17
BRDA:30,1,0,0
BRDA:38,2,0,0
BRDA:121,3,0,2
BRDA:121,3,1,2
BRDA:138,4,0,0
BRDA:144,5,0,2
BRDA:146,6,0,1
BRDA:153,7,0,0
BRF:9
BRH:5
end_of_record
TN:
SF:src/TSRedisCacheKit/Set.ts
FN:10,(anonymous_0)
FN:24,(anonymous_1)
FN:25,(anonymous_2)
FN:36,(anonymous_3)
FN:50,(anonymous_4)
FN:51,(anonymous_5)
FN:61,(anonymous_6)
FN:71,(anonymous_7)
FN:83,(anonymous_8)
FN:92,(anonymous_9)
FN:102,(anonymous_10)
FN:111,(anonymous_11)
FN:121,(anonymous_12)
FN:130,(anonymous_13)
FN:131,(anonymous_14)
FN:140,(anonymous_15)
FN:141,(anonymous_16)
FN:150,(anonymous_17)
FN:151,(anonymous_18)
FNF:19
FNH:19
FNDA:1,(anonymous_0)
FNDA:1,(anonymous_1)
FNDA:2,(anonymous_2)
FNDA:1,(anonymous_3)
FNDA:1,(anonymous_4)
FNDA:2,(anonymous_5)
FNDA:1,(anonymous_6)
FNDA:1,(anonymous_7)
FNDA:1,(anonymous_8)
FNDA:1,(anonymous_9)
FNDA:1,(anonymous_10)
FNDA:1,(anonymous_11)
FNDA:1,(anonymous_12)
FNDA:1,(anonymous_13)
FNDA:2,(anonymous_14)
FNDA:1,(anonymous_15)
FNDA:2,(anonymous_16)
FNDA:1,(anonymous_17)
FNDA:2,(anonymous_18)
DA:1,1
DA:3,1
DA:11,1
DA:15,1
DA:25,2
DA:26,1
DA:27,1
DA:37,1
DA:41,1
DA:51,2
DA:52,1
DA:53,1
DA:62,1
DA:72,1
DA:84,1
DA:93,1
DA:103,1
DA:112,1
DA:122,1
DA:131,2
DA:132,1
DA:141,2
DA:142,1
DA:151,2
DA:152,1
LF:25
LH:25
BRDA:10,0,0,1
BRDA:24,1,0,1
BRDA:36,2,0,1
BRDA:50,3,0,1
BRDA:61,4,0,1
BRDA:71,5,0,1
BRDA:83,6,0,1
BRDA:92,7,0,1
BRDA:102,8,0,1
BRDA:111,9,0,1
BRDA:121,10,0,1
BRF:11
BRH:11
end_of_record
TN:
SF:src/TSRedisCacheKit/SortedSet.ts
FN:12,(anonymous_0)
FN:27,(anonymous_1)
FN:28,(anonymous_2)
FN:42,(anonymous_3)
FN:57,(anonymous_4)
FN:68,(anonymous_5)
FN:81,(anonymous_6)
FN:92,(anonymous_7)
FN:107,(anonymous_8)
FN:137,(anonymous_9)
FN:152,(anonymous_10)
FN:171,(anonymous_11)
FN:186,(anonymous_12)
FNF:13
FNH:13
FNDA:1,(anonymous_0)
FNDA:1,(anonymous_1)
FNDA:2,(anonymous_2)
FNDA:1,(anonymous_3)
FNDA:1,(anonymous_4)
FNDA:1,(anonymous_5)
FNDA:1,(anonymous_6)
FNDA:1,(anonymous_7)
FNDA:1,(anonymous_8)
FNDA:1,(anonymous_9)
FNDA:1,(anonymous_10)
FNDA:1,(anonymous_11)
FNDA:1,(anonymous_12)
DA:2,4
DA:4,4
DA:13,1
DA:18,1
DA:28,2
DA:32,1
DA:33,1
DA:43,1
DA:47,1
DA:58,1
DA:73,1
DA:82,1
DA:97,1
DA:112,1
DA:119,1
DA:120,1
DA:121,2
DA:122,2
DA:123,2
DA:124,2
DA:126,0
DA:129,1
DA:138,1
DA:142,1
DA:157,1
DA:176,1
DA:191,1
LF:27
LH:26
BRDA:12,0,0,1
BRDA:27,1,0,1
BRDA:42,2,0,1
BRDA:57,3,0,1
BRDA:71,4,0,1
BRDA:81,5,0,1
BRDA:95,6,0,1
BRDA:110,7,0,1
BRDA:123,8,0,2
BRDA:123,8,1,0
BRDA:137,9,0,1
BRDA:142,10,0,1
BRDA:142,10,1,0
BRDA:155,11,0,1
BRDA:174,12,0,1
BRDA:189,13,0,1
BRF:16
BRH:14
end_of_record
TN:
SF:src/TSRedisCacheKit/String.ts
FN:11,(anonymous_0)
FN:26,(anonymous_1)
FN:35,(anonymous_2)
FN:44,(anonymous_3)
FN:54,(anonymous_4)
FN:64,(anonymous_5)
FN:74,(anonymous_6)
FN:85,(anonymous_7)
FN:88,(anonymous_8)
FN:100,(anonymous_9)
FN:101,(anonymous_10)
FN:111,(anonymous_11)
FN:124,(anonymous_12)
FNF:13
FNH:13
FNDA:2,(anonymous_0)
FNDA:1,(anonymous_1)
FNDA:1,(anonymous_2)
FNDA:1,(anonymous_3)
FNDA:1,(anonymous_4)
FNDA:1,(anonymous_5)
FNDA:1,(anonymous_6)
FNDA:1,(anonymous_7)
FNDA:2,(anonymous_8)
FNDA:1,(anonymous_9)
FNDA:2,(anonymous_10)
FNDA:1,(anonymous_11)
FNDA:1,(anonymous_12)
DA:1,4
DA:3,4
DA:12,2
DA:13,2
DA:14,2
DA:15,1
DA:17,1
DA:27,1
DA:36,1
DA:45,1
DA:55,1
DA:65,1
DA:75,1
DA:76,1
DA:77,1
DA:88,2
DA:92,1
DA:101,2
DA:102,1
DA:112,1
DA:113,1
DA:114,1
DA:129,1
DA:130,1
DA:131,1
LF:25
LH:25
BRDA:11,0,0,1
BRDA:14,1,0,1
BRDA:14,1,1,1
BRDA:54,2,0,0
BRDA:64,3,0,0
BRF:5
BRH:3
end_of_record
TN:
SF:src/TSRedisCacheKit/base.ts
FN:18,(anonymous_0)
FN:29,(anonymous_1)
FN:41,(anonymous_2)
FN:56,(anonymous_3)
FN:65,(anonymous_4)
FNF:5
FNH:5
FNDA:128,(anonymous_0)
FNDA:182,(anonymous_1)
FNDA:39,(anonymous_2)
FNDA:1,(anonymous_3)
FNDA:1,(anonymous_4)
DA:7,16
DA:19,128
DA:20,128
DA:21,128
DA:30,182
DA:31,182
DA:42,39
DA:44,1
DA:46,1
DA:48,37
DA:57,1
DA:68,1
DA:69,1
DA:70,1
LF:14
LH:14
BRDA:31,0,0,158
BRDA:31,0,1,24
BRDA:31,1,0,182
BRDA:31,1,1,181
BRDA:31,1,2,181
BRDA:42,2,0,1
BRDA:42,2,1,1
BRDA:42,2,2,37
BRDA:46,3,0,1
BRDA:46,3,1,0
BRF:10
BRH:9
end_of_record
TN:
SF:src/tools/time.ts
FN:12,(anonymous_0)
FN:29,convertUnitToSeconds
FN:49,getTodayString
FN:64,getCurrentHourString
FN:75,getCurrentMonthString
FN:86,getCurrentYearString
FNF:6
FNH:6
FNDA:5,(anonymous_0)
FNDA:18,convertUnitToSeconds
FNDA:15,getTodayString
FNDA:1,getCurrentHourString
FNDA:1,getCurrentMonthString
FNDA:1,getCurrentYearString
DA:5,3
DA:16,5
DA:18,1
DA:20,1
DA:22,1
DA:24,2
DA:30,18
DA:31,18
DA:33,1
DA:35,1
DA:37,1
DA:39,15
DA:49,3
DA:53,15
DA:54,15
DA:55,15
DA:56,15
DA:64,3
DA:65,1
DA:66,1
DA:67,1
DA:75,3
DA:76,1
DA:77,1
DA:78,1
DA:86,3
DA:87,1
DA:90,3
LF:28
LH:28
BRDA:14,0,0,1
BRDA:16,1,0,1
BRDA:16,1,1,1
BRDA:16,1,2,1
BRDA:16,1,3,2
BRDA:31,2,0,1
BRDA:31,2,1,1
BRDA:31,2,2,1
BRDA:31,2,3,15
BRDA:50,3,0,0
BRDA:51,4,0,14
BRDA:64,5,0,0
BRDA:75,6,0,0
BRDA:86,7,0,0
BRF:14
BRH:10
end_of_record
